Started GET "/" for ::1 at 2024-10-09 15:28:38 +0300
  [1m[35m (3.3ms)[0m  [1m[35mCREATE TABLE "schema_migrations" ("version" varchar NOT NULL PRIMARY KEY)[0m
  [1m[35m (0.3ms)[0m  [1m[35mCREATE TABLE "ar_internal_metadata" ("key" varchar NOT NULL PRIMARY KEY, "value" varchar, "created_at" datetime(6) NOT NULL, "updated_at" datetime(6) NOT NULL)[0m
  [1m[36mActiveRecord::SchemaMigration Load (0.2ms)[0m  [1m[34mSELECT "schema_migrations"."version" FROM "schema_migrations" ORDER BY "schema_migrations"."version" ASC[0m
Processing by Rails::WelcomeController#index as HTML
  Rendering /Users/musa/.asdf/installs/ruby/3.3.4/lib/ruby/gems/3.3.0/gems/railties-7.2.1/lib/rails/templates/rails/welcome/index.html.erb
  Rendered /Users/musa/.asdf/installs/ruby/3.3.4/lib/ruby/gems/3.3.0/gems/railties-7.2.1/lib/rails/templates/rails/welcome/index.html.erb (Duration: 1.4ms | GC: 0.0ms)
Completed 200 OK in 66ms (Views: 15.8ms | ActiveRecord: 0.0ms (0 queries, 0 cached) | GC: 0.0ms)


Started GET "/" for ::1 at 2024-10-09 15:29:59 +0300
Processing by Rails::WelcomeController#index as HTML
  Rendering /Users/musa/.asdf/installs/ruby/3.3.4/lib/ruby/gems/3.3.0/gems/railties-7.2.1/lib/rails/templates/rails/welcome/index.html.erb
  Rendered /Users/musa/.asdf/installs/ruby/3.3.4/lib/ruby/gems/3.3.0/gems/railties-7.2.1/lib/rails/templates/rails/welcome/index.html.erb (Duration: 0.3ms | GC: 0.0ms)
Completed 200 OK in 4ms (Views: 1.1ms | ActiveRecord: 0.0ms (0 queries, 0 cached) | GC: 0.0ms)


Started GET "/" for ::1 at 2024-10-09 15:30:00 +0300
Processing by Rails::WelcomeController#index as HTML
  Rendering /Users/musa/.asdf/installs/ruby/3.3.4/lib/ruby/gems/3.3.0/gems/railties-7.2.1/lib/rails/templates/rails/welcome/index.html.erb
  Rendered /Users/musa/.asdf/installs/ruby/3.3.4/lib/ruby/gems/3.3.0/gems/railties-7.2.1/lib/rails/templates/rails/welcome/index.html.erb (Duration: 0.3ms | GC: 0.0ms)
Completed 200 OK in 1ms (Views: 0.7ms | ActiveRecord: 0.0ms (0 queries, 0 cached) | GC: 0.0ms)


Started GET "/" for ::1 at 2024-10-09 15:31:22 +0300
Processing by Rails::WelcomeController#index as HTML
  Rendering /Users/musa/.asdf/installs/ruby/3.3.4/lib/ruby/gems/3.3.0/gems/railties-7.2.1/lib/rails/templates/rails/welcome/index.html.erb
  Rendered /Users/musa/.asdf/installs/ruby/3.3.4/lib/ruby/gems/3.3.0/gems/railties-7.2.1/lib/rails/templates/rails/welcome/index.html.erb (Duration: 0.5ms | GC: 0.0ms)
Completed 200 OK in 4ms (Views: 1.1ms | ActiveRecord: 0.0ms (0 queries, 0 cached) | GC: 0.0ms)


Started GET "/" for ::1 at 2024-10-09 15:36:04 +0300
Processing by Rails::WelcomeController#index as HTML
  Rendering /Users/musa/.asdf/installs/ruby/3.3.4/lib/ruby/gems/3.3.0/gems/railties-7.2.1/lib/rails/templates/rails/welcome/index.html.erb
  Rendered /Users/musa/.asdf/installs/ruby/3.3.4/lib/ruby/gems/3.3.0/gems/railties-7.2.1/lib/rails/templates/rails/welcome/index.html.erb (Duration: 1.5ms | GC: 0.0ms)
Completed 200 OK in 6ms (Views: 3.1ms | ActiveRecord: 0.0ms (0 queries, 0 cached) | GC: 0.0ms)


Started GET "/" for ::1 at 2024-10-09 15:37:58 +0300
  [1m[36mActiveRecord::SchemaMigration Load (1.2ms)[0m  [1m[34mSELECT "schema_migrations"."version" FROM "schema_migrations" ORDER BY "schema_migrations"."version" ASC[0m
Processing by Rails::WelcomeController#index as HTML
  Rendering /Users/musa/.asdf/installs/ruby/3.3.4/lib/ruby/gems/3.3.0/gems/railties-7.2.1/lib/rails/templates/rails/welcome/index.html.erb
  Rendered /Users/musa/.asdf/installs/ruby/3.3.4/lib/ruby/gems/3.3.0/gems/railties-7.2.1/lib/rails/templates/rails/welcome/index.html.erb (Duration: 9.4ms | GC: 0.0ms)
Completed 200 OK in 53ms (Views: 17.4ms | ActiveRecord: 0.0ms (0 queries, 0 cached) | GC: 0.0ms)


Started GET "/" for ::1 at 2024-10-09 15:41:40 +0300
Processing by Rails::WelcomeController#index as HTML
  Rendering /Users/musa/.asdf/installs/ruby/3.3.4/lib/ruby/gems/3.3.0/gems/railties-7.2.1/lib/rails/templates/rails/welcome/index.html.erb
  Rendered /Users/musa/.asdf/installs/ruby/3.3.4/lib/ruby/gems/3.3.0/gems/railties-7.2.1/lib/rails/templates/rails/welcome/index.html.erb (Duration: 4.0ms | GC: 0.0ms)
Completed 200 OK in 24ms (Views: 9.2ms | ActiveRecord: 0.0ms (0 queries, 0 cached) | GC: 0.0ms)


Started GET "/" for ::1 at 2024-10-09 15:47:43 +0300
  
ActionController::RoutingError (uninitialized constant PostsController):

Causes:
ActionDispatch::MissingController (uninitialized constant PostsController)
NameError (uninitialized constant PostsController)
  
Started GET "/favicon.ico" for ::1 at 2024-10-09 15:47:59 +0300
  
ActionController::RoutingError (No route matches [GET] "/favicon.ico"):
  
Started GET "/" for ::1 at 2024-10-09 15:48:32 +0300
  
ActionController::RoutingError (uninitialized constant PostsController):

Causes:
ActionDispatch::MissingController (uninitialized constant PostsController)
NameError (uninitialized constant PostsController)
  
Started GET "/" for ::1 at 2024-10-09 15:50:28 +0300
  [1m[36mActiveRecord::SchemaMigration Load (1.0ms)[0m  [1m[34mSELECT "schema_migrations"."version" FROM "schema_migrations" ORDER BY "schema_migrations"."version" ASC[0m
  
ActionController::RoutingError (uninitialized constant PostsController):

Causes:
ActionDispatch::MissingController (uninitialized constant PostsController)
NameError (uninitialized constant PostsController)
  
Started GET "/rails/info/routes?query=fsd" for ::1 at 2024-10-09 15:50:37 +0300
Processing by Rails::InfoController#routes as */*
  Parameters: {"query"=>"fsd"}
Completed 200 OK in 49ms (Views: 29.8ms | ActiveRecord: 0.0ms (0 queries, 0 cached) | GC: 0.0ms)


Started GET "/" for ::1 at 2024-10-09 15:50:40 +0300
  
ActionController::RoutingError (uninitialized constant PostsController):

Causes:
ActionDispatch::MissingController (uninitialized constant PostsController)
NameError (uninitialized constant PostsController)
  
Started GET "/" for ::1 at 2024-10-09 15:53:53 +0300
  [1m[36mActiveRecord::SchemaMigration Load (1.0ms)[0m  [1m[34mSELECT "schema_migrations"."version" FROM "schema_migrations" ORDER BY "schema_migrations"."version" ASC[0m
  
AbstractController::ActionNotFound (The action 'index' could not be found for PostsController):
  
actionpack (7.2.1) lib/abstract_controller/base.rb:158:in `process'
actionview (7.2.1) lib/action_view/rendering.rb:40:in `process'
actionpack (7.2.1) lib/action_controller/metal.rb:252:in `dispatch'
actionpack (7.2.1) lib/action_controller/metal.rb:335:in `dispatch'
actionpack (7.2.1) lib/action_dispatch/routing/route_set.rb:67:in `dispatch'
actionpack (7.2.1) lib/action_dispatch/routing/route_set.rb:50:in `serve'
actionpack (7.2.1) lib/action_dispatch/journey/router.rb:53:in `block in serve'
actionpack (7.2.1) lib/action_dispatch/journey/router.rb:133:in `block in find_routes'
actionpack (7.2.1) lib/action_dispatch/journey/router.rb:126:in `each'
actionpack (7.2.1) lib/action_dispatch/journey/router.rb:126:in `find_routes'
actionpack (7.2.1) lib/action_dispatch/journey/router.rb:34:in `serve'
actionpack (7.2.1) lib/action_dispatch/routing/route_set.rb:896:in `call'
rack (3.1.7) lib/rack/tempfile_reaper.rb:20:in `call'
rack (3.1.7) lib/rack/etag.rb:29:in `call'
rack (3.1.7) lib/rack/conditional_get.rb:31:in `call'
rack (3.1.7) lib/rack/head.rb:15:in `call'
actionpack (7.2.1) lib/action_dispatch/http/permissions_policy.rb:38:in `call'
actionpack (7.2.1) lib/action_dispatch/http/content_security_policy.rb:36:in `call'
rack-session (2.0.0) lib/rack/session/abstract/id.rb:272:in `context'
rack-session (2.0.0) lib/rack/session/abstract/id.rb:266:in `call'
actionpack (7.2.1) lib/action_dispatch/middleware/cookies.rb:704:in `call'
activerecord (7.2.1) lib/active_record/migration.rb:674:in `call'
actionpack (7.2.1) lib/action_dispatch/middleware/callbacks.rb:31:in `block in call'
activesupport (7.2.1) lib/active_support/callbacks.rb:101:in `run_callbacks'
actionpack (7.2.1) lib/action_dispatch/middleware/callbacks.rb:30:in `call'
actionpack (7.2.1) lib/action_dispatch/middleware/executor.rb:16:in `call'
actionpack (7.2.1) lib/action_dispatch/middleware/actionable_exceptions.rb:18:in `call'
actionpack (7.2.1) lib/action_dispatch/middleware/debug_exceptions.rb:31:in `call'
web-console (4.2.1) lib/web_console/middleware.rb:132:in `call_app'
web-console (4.2.1) lib/web_console/middleware.rb:28:in `block in call'
web-console (4.2.1) lib/web_console/middleware.rb:17:in `catch'
web-console (4.2.1) lib/web_console/middleware.rb:17:in `call'
actionpack (7.2.1) lib/action_dispatch/middleware/show_exceptions.rb:32:in `call'
railties (7.2.1) lib/rails/rack/logger.rb:41:in `call_app'
railties (7.2.1) lib/rails/rack/logger.rb:29:in `call'
sprockets-rails (3.5.2) lib/sprockets/rails/quiet_assets.rb:17:in `call'
actionpack (7.2.1) lib/action_dispatch/middleware/remote_ip.rb:96:in `call'
actionpack (7.2.1) lib/action_dispatch/middleware/request_id.rb:33:in `call'
rack (3.1.7) lib/rack/method_override.rb:28:in `call'
rack (3.1.7) lib/rack/runtime.rb:24:in `call'
activesupport (7.2.1) lib/active_support/cache/strategy/local_cache_middleware.rb:29:in `call'
actionpack (7.2.1) lib/action_dispatch/middleware/server_timing.rb:61:in `block in call'
actionpack (7.2.1) lib/action_dispatch/middleware/server_timing.rb:26:in `collect_events'
actionpack (7.2.1) lib/action_dispatch/middleware/server_timing.rb:60:in `call'
actionpack (7.2.1) lib/action_dispatch/middleware/executor.rb:16:in `call'
actionpack (7.2.1) lib/action_dispatch/middleware/static.rb:27:in `call'
rack (3.1.7) lib/rack/sendfile.rb:114:in `call'
actionpack (7.2.1) lib/action_dispatch/middleware/host_authorization.rb:143:in `call'
railties (7.2.1) lib/rails/engine.rb:535:in `call'
puma (6.4.3) lib/puma/configuration.rb:272:in `call'
puma (6.4.3) lib/puma/request.rb:100:in `block in handle_request'
puma (6.4.3) lib/puma/thread_pool.rb:378:in `with_force_shutdown'
puma (6.4.3) lib/puma/request.rb:99:in `handle_request'
puma (6.4.3) lib/puma/server.rb:464:in `process_client'
puma (6.4.3) lib/puma/server.rb:245:in `block in run'
puma (6.4.3) lib/puma/thread_pool.rb:155:in `block in spawn_thread'
Started GET "/" for ::1 at 2024-10-09 15:54:11 +0300
  
AbstractController::ActionNotFound (The action 'index' could not be found for PostsController):
  
actionpack (7.2.1) lib/abstract_controller/base.rb:158:in `process'
actionview (7.2.1) lib/action_view/rendering.rb:40:in `process'
actionpack (7.2.1) lib/action_controller/metal.rb:252:in `dispatch'
actionpack (7.2.1) lib/action_controller/metal.rb:335:in `dispatch'
actionpack (7.2.1) lib/action_dispatch/routing/route_set.rb:67:in `dispatch'
actionpack (7.2.1) lib/action_dispatch/routing/route_set.rb:50:in `serve'
actionpack (7.2.1) lib/action_dispatch/journey/router.rb:53:in `block in serve'
actionpack (7.2.1) lib/action_dispatch/journey/router.rb:133:in `block in find_routes'
actionpack (7.2.1) lib/action_dispatch/journey/router.rb:126:in `each'
actionpack (7.2.1) lib/action_dispatch/journey/router.rb:126:in `find_routes'
actionpack (7.2.1) lib/action_dispatch/journey/router.rb:34:in `serve'
actionpack (7.2.1) lib/action_dispatch/routing/route_set.rb:896:in `call'
rack (3.1.7) lib/rack/tempfile_reaper.rb:20:in `call'
rack (3.1.7) lib/rack/etag.rb:29:in `call'
rack (3.1.7) lib/rack/conditional_get.rb:31:in `call'
rack (3.1.7) lib/rack/head.rb:15:in `call'
actionpack (7.2.1) lib/action_dispatch/http/permissions_policy.rb:38:in `call'
actionpack (7.2.1) lib/action_dispatch/http/content_security_policy.rb:36:in `call'
rack-session (2.0.0) lib/rack/session/abstract/id.rb:272:in `context'
rack-session (2.0.0) lib/rack/session/abstract/id.rb:266:in `call'
actionpack (7.2.1) lib/action_dispatch/middleware/cookies.rb:704:in `call'
activerecord (7.2.1) lib/active_record/migration.rb:674:in `call'
actionpack (7.2.1) lib/action_dispatch/middleware/callbacks.rb:31:in `block in call'
activesupport (7.2.1) lib/active_support/callbacks.rb:101:in `run_callbacks'
actionpack (7.2.1) lib/action_dispatch/middleware/callbacks.rb:30:in `call'
actionpack (7.2.1) lib/action_dispatch/middleware/executor.rb:16:in `call'
actionpack (7.2.1) lib/action_dispatch/middleware/actionable_exceptions.rb:18:in `call'
actionpack (7.2.1) lib/action_dispatch/middleware/debug_exceptions.rb:31:in `call'
web-console (4.2.1) lib/web_console/middleware.rb:132:in `call_app'
web-console (4.2.1) lib/web_console/middleware.rb:28:in `block in call'
web-console (4.2.1) lib/web_console/middleware.rb:17:in `catch'
web-console (4.2.1) lib/web_console/middleware.rb:17:in `call'
actionpack (7.2.1) lib/action_dispatch/middleware/show_exceptions.rb:32:in `call'
railties (7.2.1) lib/rails/rack/logger.rb:41:in `call_app'
railties (7.2.1) lib/rails/rack/logger.rb:29:in `call'
sprockets-rails (3.5.2) lib/sprockets/rails/quiet_assets.rb:17:in `call'
actionpack (7.2.1) lib/action_dispatch/middleware/remote_ip.rb:96:in `call'
actionpack (7.2.1) lib/action_dispatch/middleware/request_id.rb:33:in `call'
rack (3.1.7) lib/rack/method_override.rb:28:in `call'
rack (3.1.7) lib/rack/runtime.rb:24:in `call'
activesupport (7.2.1) lib/active_support/cache/strategy/local_cache_middleware.rb:29:in `call'
actionpack (7.2.1) lib/action_dispatch/middleware/server_timing.rb:61:in `block in call'
actionpack (7.2.1) lib/action_dispatch/middleware/server_timing.rb:26:in `collect_events'
actionpack (7.2.1) lib/action_dispatch/middleware/server_timing.rb:60:in `call'
actionpack (7.2.1) lib/action_dispatch/middleware/executor.rb:16:in `call'
actionpack (7.2.1) lib/action_dispatch/middleware/static.rb:27:in `call'
rack (3.1.7) lib/rack/sendfile.rb:114:in `call'
actionpack (7.2.1) lib/action_dispatch/middleware/host_authorization.rb:143:in `call'
railties (7.2.1) lib/rails/engine.rb:535:in `call'
puma (6.4.3) lib/puma/configuration.rb:272:in `call'
puma (6.4.3) lib/puma/request.rb:100:in `block in handle_request'
puma (6.4.3) lib/puma/thread_pool.rb:378:in `with_force_shutdown'
puma (6.4.3) lib/puma/request.rb:99:in `handle_request'
puma (6.4.3) lib/puma/server.rb:464:in `process_client'
puma (6.4.3) lib/puma/server.rb:245:in `block in run'
puma (6.4.3) lib/puma/thread_pool.rb:155:in `block in spawn_thread'
Started GET "/" for ::1 at 2024-10-09 15:54:13 +0300
  
AbstractController::ActionNotFound (The action 'index' could not be found for PostsController):
  
actionpack (7.2.1) lib/abstract_controller/base.rb:158:in `process'
actionview (7.2.1) lib/action_view/rendering.rb:40:in `process'
actionpack (7.2.1) lib/action_controller/metal.rb:252:in `dispatch'
actionpack (7.2.1) lib/action_controller/metal.rb:335:in `dispatch'
actionpack (7.2.1) lib/action_dispatch/routing/route_set.rb:67:in `dispatch'
actionpack (7.2.1) lib/action_dispatch/routing/route_set.rb:50:in `serve'
actionpack (7.2.1) lib/action_dispatch/journey/router.rb:53:in `block in serve'
actionpack (7.2.1) lib/action_dispatch/journey/router.rb:133:in `block in find_routes'
actionpack (7.2.1) lib/action_dispatch/journey/router.rb:126:in `each'
actionpack (7.2.1) lib/action_dispatch/journey/router.rb:126:in `find_routes'
actionpack (7.2.1) lib/action_dispatch/journey/router.rb:34:in `serve'
actionpack (7.2.1) lib/action_dispatch/routing/route_set.rb:896:in `call'
rack (3.1.7) lib/rack/tempfile_reaper.rb:20:in `call'
rack (3.1.7) lib/rack/etag.rb:29:in `call'
rack (3.1.7) lib/rack/conditional_get.rb:31:in `call'
rack (3.1.7) lib/rack/head.rb:15:in `call'
actionpack (7.2.1) lib/action_dispatch/http/permissions_policy.rb:38:in `call'
actionpack (7.2.1) lib/action_dispatch/http/content_security_policy.rb:36:in `call'
rack-session (2.0.0) lib/rack/session/abstract/id.rb:272:in `context'
rack-session (2.0.0) lib/rack/session/abstract/id.rb:266:in `call'
actionpack (7.2.1) lib/action_dispatch/middleware/cookies.rb:704:in `call'
activerecord (7.2.1) lib/active_record/migration.rb:674:in `call'
actionpack (7.2.1) lib/action_dispatch/middleware/callbacks.rb:31:in `block in call'
activesupport (7.2.1) lib/active_support/callbacks.rb:101:in `run_callbacks'
actionpack (7.2.1) lib/action_dispatch/middleware/callbacks.rb:30:in `call'
actionpack (7.2.1) lib/action_dispatch/middleware/executor.rb:16:in `call'
actionpack (7.2.1) lib/action_dispatch/middleware/actionable_exceptions.rb:18:in `call'
actionpack (7.2.1) lib/action_dispatch/middleware/debug_exceptions.rb:31:in `call'
web-console (4.2.1) lib/web_console/middleware.rb:132:in `call_app'
web-console (4.2.1) lib/web_console/middleware.rb:28:in `block in call'
web-console (4.2.1) lib/web_console/middleware.rb:17:in `catch'
web-console (4.2.1) lib/web_console/middleware.rb:17:in `call'
actionpack (7.2.1) lib/action_dispatch/middleware/show_exceptions.rb:32:in `call'
railties (7.2.1) lib/rails/rack/logger.rb:41:in `call_app'
railties (7.2.1) lib/rails/rack/logger.rb:29:in `call'
sprockets-rails (3.5.2) lib/sprockets/rails/quiet_assets.rb:17:in `call'
actionpack (7.2.1) lib/action_dispatch/middleware/remote_ip.rb:96:in `call'
actionpack (7.2.1) lib/action_dispatch/middleware/request_id.rb:33:in `call'
rack (3.1.7) lib/rack/method_override.rb:28:in `call'
rack (3.1.7) lib/rack/runtime.rb:24:in `call'
activesupport (7.2.1) lib/active_support/cache/strategy/local_cache_middleware.rb:29:in `call'
actionpack (7.2.1) lib/action_dispatch/middleware/server_timing.rb:61:in `block in call'
actionpack (7.2.1) lib/action_dispatch/middleware/server_timing.rb:26:in `collect_events'
actionpack (7.2.1) lib/action_dispatch/middleware/server_timing.rb:60:in `call'
actionpack (7.2.1) lib/action_dispatch/middleware/executor.rb:16:in `call'
actionpack (7.2.1) lib/action_dispatch/middleware/static.rb:27:in `call'
rack (3.1.7) lib/rack/sendfile.rb:114:in `call'
actionpack (7.2.1) lib/action_dispatch/middleware/host_authorization.rb:143:in `call'
railties (7.2.1) lib/rails/engine.rb:535:in `call'
puma (6.4.3) lib/puma/configuration.rb:272:in `call'
puma (6.4.3) lib/puma/request.rb:100:in `block in handle_request'
puma (6.4.3) lib/puma/thread_pool.rb:378:in `with_force_shutdown'
puma (6.4.3) lib/puma/request.rb:99:in `handle_request'
puma (6.4.3) lib/puma/server.rb:464:in `process_client'
puma (6.4.3) lib/puma/server.rb:245:in `block in run'
puma (6.4.3) lib/puma/thread_pool.rb:155:in `block in spawn_thread'
Started GET "/" for ::1 at 2024-10-09 15:55:13 +0300
  
AbstractController::ActionNotFound (The action 'index' could not be found for PostsController):
  
actionpack (7.2.1) lib/abstract_controller/base.rb:158:in `process'
actionview (7.2.1) lib/action_view/rendering.rb:40:in `process'
actionpack (7.2.1) lib/action_controller/metal.rb:252:in `dispatch'
actionpack (7.2.1) lib/action_controller/metal.rb:335:in `dispatch'
actionpack (7.2.1) lib/action_dispatch/routing/route_set.rb:67:in `dispatch'
actionpack (7.2.1) lib/action_dispatch/routing/route_set.rb:50:in `serve'
actionpack (7.2.1) lib/action_dispatch/journey/router.rb:53:in `block in serve'
actionpack (7.2.1) lib/action_dispatch/journey/router.rb:133:in `block in find_routes'
actionpack (7.2.1) lib/action_dispatch/journey/router.rb:126:in `each'
actionpack (7.2.1) lib/action_dispatch/journey/router.rb:126:in `find_routes'
actionpack (7.2.1) lib/action_dispatch/journey/router.rb:34:in `serve'
actionpack (7.2.1) lib/action_dispatch/routing/route_set.rb:896:in `call'
rack (3.1.7) lib/rack/tempfile_reaper.rb:20:in `call'
rack (3.1.7) lib/rack/etag.rb:29:in `call'
rack (3.1.7) lib/rack/conditional_get.rb:31:in `call'
rack (3.1.7) lib/rack/head.rb:15:in `call'
actionpack (7.2.1) lib/action_dispatch/http/permissions_policy.rb:38:in `call'
actionpack (7.2.1) lib/action_dispatch/http/content_security_policy.rb:36:in `call'
rack-session (2.0.0) lib/rack/session/abstract/id.rb:272:in `context'
rack-session (2.0.0) lib/rack/session/abstract/id.rb:266:in `call'
actionpack (7.2.1) lib/action_dispatch/middleware/cookies.rb:704:in `call'
activerecord (7.2.1) lib/active_record/migration.rb:674:in `call'
actionpack (7.2.1) lib/action_dispatch/middleware/callbacks.rb:31:in `block in call'
activesupport (7.2.1) lib/active_support/callbacks.rb:101:in `run_callbacks'
actionpack (7.2.1) lib/action_dispatch/middleware/callbacks.rb:30:in `call'
actionpack (7.2.1) lib/action_dispatch/middleware/executor.rb:16:in `call'
actionpack (7.2.1) lib/action_dispatch/middleware/actionable_exceptions.rb:18:in `call'
actionpack (7.2.1) lib/action_dispatch/middleware/debug_exceptions.rb:31:in `call'
web-console (4.2.1) lib/web_console/middleware.rb:132:in `call_app'
web-console (4.2.1) lib/web_console/middleware.rb:28:in `block in call'
web-console (4.2.1) lib/web_console/middleware.rb:17:in `catch'
web-console (4.2.1) lib/web_console/middleware.rb:17:in `call'
actionpack (7.2.1) lib/action_dispatch/middleware/show_exceptions.rb:32:in `call'
railties (7.2.1) lib/rails/rack/logger.rb:41:in `call_app'
railties (7.2.1) lib/rails/rack/logger.rb:29:in `call'
sprockets-rails (3.5.2) lib/sprockets/rails/quiet_assets.rb:17:in `call'
actionpack (7.2.1) lib/action_dispatch/middleware/remote_ip.rb:96:in `call'
actionpack (7.2.1) lib/action_dispatch/middleware/request_id.rb:33:in `call'
rack (3.1.7) lib/rack/method_override.rb:28:in `call'
rack (3.1.7) lib/rack/runtime.rb:24:in `call'
activesupport (7.2.1) lib/active_support/cache/strategy/local_cache_middleware.rb:29:in `call'
actionpack (7.2.1) lib/action_dispatch/middleware/server_timing.rb:61:in `block in call'
actionpack (7.2.1) lib/action_dispatch/middleware/server_timing.rb:26:in `collect_events'
actionpack (7.2.1) lib/action_dispatch/middleware/server_timing.rb:60:in `call'
actionpack (7.2.1) lib/action_dispatch/middleware/executor.rb:16:in `call'
actionpack (7.2.1) lib/action_dispatch/middleware/static.rb:27:in `call'
rack (3.1.7) lib/rack/sendfile.rb:114:in `call'
actionpack (7.2.1) lib/action_dispatch/middleware/host_authorization.rb:143:in `call'
railties (7.2.1) lib/rails/engine.rb:535:in `call'
puma (6.4.3) lib/puma/configuration.rb:272:in `call'
puma (6.4.3) lib/puma/request.rb:100:in `block in handle_request'
puma (6.4.3) lib/puma/thread_pool.rb:378:in `with_force_shutdown'
puma (6.4.3) lib/puma/request.rb:99:in `handle_request'
puma (6.4.3) lib/puma/server.rb:464:in `process_client'
puma (6.4.3) lib/puma/server.rb:245:in `block in run'
puma (6.4.3) lib/puma/thread_pool.rb:155:in `block in spawn_thread'
Started GET "/" for ::1 at 2024-10-09 15:57:55 +0300
  
AbstractController::ActionNotFound (The action 'index' could not be found for PostsController):
  
actionpack (7.2.1) lib/abstract_controller/base.rb:158:in `process'
actionview (7.2.1) lib/action_view/rendering.rb:40:in `process'
actionpack (7.2.1) lib/action_controller/metal.rb:252:in `dispatch'
actionpack (7.2.1) lib/action_controller/metal.rb:335:in `dispatch'
actionpack (7.2.1) lib/action_dispatch/routing/route_set.rb:67:in `dispatch'
actionpack (7.2.1) lib/action_dispatch/routing/route_set.rb:50:in `serve'
actionpack (7.2.1) lib/action_dispatch/journey/router.rb:53:in `block in serve'
actionpack (7.2.1) lib/action_dispatch/journey/router.rb:133:in `block in find_routes'
actionpack (7.2.1) lib/action_dispatch/journey/router.rb:126:in `each'
actionpack (7.2.1) lib/action_dispatch/journey/router.rb:126:in `find_routes'
actionpack (7.2.1) lib/action_dispatch/journey/router.rb:34:in `serve'
actionpack (7.2.1) lib/action_dispatch/routing/route_set.rb:896:in `call'
rack (3.1.7) lib/rack/tempfile_reaper.rb:20:in `call'
rack (3.1.7) lib/rack/etag.rb:29:in `call'
rack (3.1.7) lib/rack/conditional_get.rb:31:in `call'
rack (3.1.7) lib/rack/head.rb:15:in `call'
actionpack (7.2.1) lib/action_dispatch/http/permissions_policy.rb:38:in `call'
actionpack (7.2.1) lib/action_dispatch/http/content_security_policy.rb:36:in `call'
rack-session (2.0.0) lib/rack/session/abstract/id.rb:272:in `context'
rack-session (2.0.0) lib/rack/session/abstract/id.rb:266:in `call'
actionpack (7.2.1) lib/action_dispatch/middleware/cookies.rb:704:in `call'
activerecord (7.2.1) lib/active_record/migration.rb:674:in `call'
actionpack (7.2.1) lib/action_dispatch/middleware/callbacks.rb:31:in `block in call'
activesupport (7.2.1) lib/active_support/callbacks.rb:101:in `run_callbacks'
actionpack (7.2.1) lib/action_dispatch/middleware/callbacks.rb:30:in `call'
actionpack (7.2.1) lib/action_dispatch/middleware/executor.rb:16:in `call'
actionpack (7.2.1) lib/action_dispatch/middleware/actionable_exceptions.rb:18:in `call'
actionpack (7.2.1) lib/action_dispatch/middleware/debug_exceptions.rb:31:in `call'
web-console (4.2.1) lib/web_console/middleware.rb:132:in `call_app'
web-console (4.2.1) lib/web_console/middleware.rb:28:in `block in call'
web-console (4.2.1) lib/web_console/middleware.rb:17:in `catch'
web-console (4.2.1) lib/web_console/middleware.rb:17:in `call'
actionpack (7.2.1) lib/action_dispatch/middleware/show_exceptions.rb:32:in `call'
railties (7.2.1) lib/rails/rack/logger.rb:41:in `call_app'
railties (7.2.1) lib/rails/rack/logger.rb:29:in `call'
sprockets-rails (3.5.2) lib/sprockets/rails/quiet_assets.rb:17:in `call'
actionpack (7.2.1) lib/action_dispatch/middleware/remote_ip.rb:96:in `call'
actionpack (7.2.1) lib/action_dispatch/middleware/request_id.rb:33:in `call'
rack (3.1.7) lib/rack/method_override.rb:28:in `call'
rack (3.1.7) lib/rack/runtime.rb:24:in `call'
activesupport (7.2.1) lib/active_support/cache/strategy/local_cache_middleware.rb:29:in `call'
actionpack (7.2.1) lib/action_dispatch/middleware/server_timing.rb:61:in `block in call'
actionpack (7.2.1) lib/action_dispatch/middleware/server_timing.rb:26:in `collect_events'
actionpack (7.2.1) lib/action_dispatch/middleware/server_timing.rb:60:in `call'
actionpack (7.2.1) lib/action_dispatch/middleware/executor.rb:16:in `call'
actionpack (7.2.1) lib/action_dispatch/middleware/static.rb:27:in `call'
rack (3.1.7) lib/rack/sendfile.rb:114:in `call'
actionpack (7.2.1) lib/action_dispatch/middleware/host_authorization.rb:143:in `call'
railties (7.2.1) lib/rails/engine.rb:535:in `call'
puma (6.4.3) lib/puma/configuration.rb:272:in `call'
puma (6.4.3) lib/puma/request.rb:100:in `block in handle_request'
puma (6.4.3) lib/puma/thread_pool.rb:378:in `with_force_shutdown'
puma (6.4.3) lib/puma/request.rb:99:in `handle_request'
puma (6.4.3) lib/puma/server.rb:464:in `process_client'
puma (6.4.3) lib/puma/server.rb:245:in `block in run'
puma (6.4.3) lib/puma/thread_pool.rb:155:in `block in spawn_thread'
Started GET "/" for ::1 at 2024-10-09 16:25:30 +0300
  [1m[36mActiveRecord::SchemaMigration Load (0.9ms)[0m  [1m[34mSELECT "schema_migrations"."version" FROM "schema_migrations" ORDER BY "schema_migrations"."version" ASC[0m
  
Zeitwerk::NameError (expected file /Users/musa/Desktop/Desktop/myapp/app/controllers/home_controller.rb to define constant HomeController, but didn't):
  
zeitwerk (2.6.18) lib/zeitwerk/loader/callbacks.rb:32:in `on_file_autoloaded'
zeitwerk (2.6.18) lib/zeitwerk/kernel.rb:27:in `require'
activesupport (7.2.1) lib/active_support/inflector/methods.rb:290:in `const_get'
activesupport (7.2.1) lib/active_support/inflector/methods.rb:290:in `constantize'
activesupport (7.2.1) lib/active_support/core_ext/string/inflections.rb:74:in `constantize'
actionpack (7.2.1) lib/action_dispatch/http/request.rb:92:in `controller_class_for'
actionpack (7.2.1) lib/action_dispatch/request/utils.rb:102:in `action_encoding_template'
actionpack (7.2.1) lib/action_dispatch/request/utils.rb:87:in `encode'
actionpack (7.2.1) lib/action_dispatch/request/utils.rb:47:in `set_binary_encoding'
actionpack (7.2.1) lib/action_dispatch/http/parameters.rb:70:in `path_parameters='
actionpack (7.2.1) lib/action_dispatch/journey/router.rb:50:in `block in serve'
actionpack (7.2.1) lib/action_dispatch/journey/router.rb:133:in `block in find_routes'
actionpack (7.2.1) lib/action_dispatch/journey/router.rb:126:in `each'
actionpack (7.2.1) lib/action_dispatch/journey/router.rb:126:in `find_routes'
actionpack (7.2.1) lib/action_dispatch/journey/router.rb:34:in `serve'
actionpack (7.2.1) lib/action_dispatch/routing/route_set.rb:896:in `call'
rack (3.1.7) lib/rack/tempfile_reaper.rb:20:in `call'
rack (3.1.7) lib/rack/etag.rb:29:in `call'
rack (3.1.7) lib/rack/conditional_get.rb:31:in `call'
rack (3.1.7) lib/rack/head.rb:15:in `call'
actionpack (7.2.1) lib/action_dispatch/http/permissions_policy.rb:38:in `call'
actionpack (7.2.1) lib/action_dispatch/http/content_security_policy.rb:36:in `call'
rack-session (2.0.0) lib/rack/session/abstract/id.rb:272:in `context'
rack-session (2.0.0) lib/rack/session/abstract/id.rb:266:in `call'
actionpack (7.2.1) lib/action_dispatch/middleware/cookies.rb:704:in `call'
activerecord (7.2.1) lib/active_record/migration.rb:674:in `call'
actionpack (7.2.1) lib/action_dispatch/middleware/callbacks.rb:31:in `block in call'
activesupport (7.2.1) lib/active_support/callbacks.rb:101:in `run_callbacks'
actionpack (7.2.1) lib/action_dispatch/middleware/callbacks.rb:30:in `call'
actionpack (7.2.1) lib/action_dispatch/middleware/executor.rb:16:in `call'
actionpack (7.2.1) lib/action_dispatch/middleware/actionable_exceptions.rb:18:in `call'
actionpack (7.2.1) lib/action_dispatch/middleware/debug_exceptions.rb:31:in `call'
web-console (4.2.1) lib/web_console/middleware.rb:132:in `call_app'
web-console (4.2.1) lib/web_console/middleware.rb:28:in `block in call'
web-console (4.2.1) lib/web_console/middleware.rb:17:in `catch'
web-console (4.2.1) lib/web_console/middleware.rb:17:in `call'
actionpack (7.2.1) lib/action_dispatch/middleware/show_exceptions.rb:32:in `call'
railties (7.2.1) lib/rails/rack/logger.rb:41:in `call_app'
railties (7.2.1) lib/rails/rack/logger.rb:29:in `call'
sprockets-rails (3.5.2) lib/sprockets/rails/quiet_assets.rb:17:in `call'
actionpack (7.2.1) lib/action_dispatch/middleware/remote_ip.rb:96:in `call'
actionpack (7.2.1) lib/action_dispatch/middleware/request_id.rb:33:in `call'
rack (3.1.7) lib/rack/method_override.rb:28:in `call'
rack (3.1.7) lib/rack/runtime.rb:24:in `call'
activesupport (7.2.1) lib/active_support/cache/strategy/local_cache_middleware.rb:29:in `call'
actionpack (7.2.1) lib/action_dispatch/middleware/server_timing.rb:61:in `block in call'
actionpack (7.2.1) lib/action_dispatch/middleware/server_timing.rb:26:in `collect_events'
actionpack (7.2.1) lib/action_dispatch/middleware/server_timing.rb:60:in `call'
actionpack (7.2.1) lib/action_dispatch/middleware/executor.rb:16:in `call'
actionpack (7.2.1) lib/action_dispatch/middleware/static.rb:27:in `call'
rack (3.1.7) lib/rack/sendfile.rb:114:in `call'
actionpack (7.2.1) lib/action_dispatch/middleware/host_authorization.rb:143:in `call'
railties (7.2.1) lib/rails/engine.rb:535:in `call'
puma (6.4.3) lib/puma/configuration.rb:272:in `call'
puma (6.4.3) lib/puma/request.rb:100:in `block in handle_request'
puma (6.4.3) lib/puma/thread_pool.rb:378:in `with_force_shutdown'
puma (6.4.3) lib/puma/request.rb:99:in `handle_request'
puma (6.4.3) lib/puma/server.rb:464:in `process_client'
puma (6.4.3) lib/puma/server.rb:245:in `block in run'
puma (6.4.3) lib/puma/thread_pool.rb:155:in `block in spawn_thread'
Started GET "/" for ::1 at 2024-10-09 16:26:48 +0300
Processing by HomeController#index as HTML
  Rendering text template
  Rendered text template (Duration: 0.4ms | GC: 0.0ms)
Completed 200 OK in 75ms (Views: 7.3ms | ActiveRecord: 0.0ms (0 queries, 0 cached) | GC: 0.0ms)


Started GET "/" for ::1 at 2024-10-09 16:35:58 +0300
Processing by HomeController#index as HTML
  Rendering text template
  Rendered text template (Duration: 0.4ms | GC: 0.0ms)
Completed 200 OK in 12ms (Views: 4.0ms | ActiveRecord: 0.0ms (0 queries, 0 cached) | GC: 0.0ms)


Started GET "/name" for ::1 at 2024-10-09 16:36:14 +0300
Processing by HomeController#get_name as HTML
  Rendering layout layouts/application.html.erb
  Rendering home/get_name.html.erb within layouts/application
  Rendered home/get_name.html.erb within layouts/application (Duration: 2.9ms | GC: 0.0ms)
  Rendered layout layouts/application.html.erb (Duration: 1162.5ms | GC: 89.2ms)
Completed 200 OK in 1169ms (Views: 1165.2ms | ActiveRecord: 0.0ms (0 queries, 0 cached) | GC: 89.2ms)


Started GET "/manifest.json" for ::1 at 2024-10-09 16:36:16 +0300
Processing by Rails::PwaController#manifest as JSON
  Rendering pwa/manifest.json.erb
  Rendered pwa/manifest.json.erb (Duration: 2.5ms | GC: 0.0ms)
Completed 200 OK in 9ms (Views: 7.3ms | ActiveRecord: 0.0ms (0 queries, 0 cached) | GC: 0.0ms)


Started GET "/name" for ::1 at 2024-10-09 16:36:21 +0300
Processing by HomeController#get_name as HTML
  Rendering layout layouts/application.html.erb
  Rendering home/get_name.html.erb within layouts/application
  Rendered home/get_name.html.erb within layouts/application (Duration: 0.2ms | GC: 0.0ms)
  Rendered layout layouts/application.html.erb (Duration: 31.8ms | GC: 0.2ms)
Completed 200 OK in 34ms (Views: 32.4ms | ActiveRecord: 0.0ms (0 queries, 0 cached) | GC: 0.2ms)


Started GET "/manifest.json" for ::1 at 2024-10-09 16:36:22 +0300
Processing by Rails::PwaController#manifest as JSON
  Rendering pwa/manifest.json.erb
  Rendered pwa/manifest.json.erb (Duration: 0.2ms | GC: 0.0ms)
Completed 200 OK in 1ms (Views: 0.7ms | ActiveRecord: 0.0ms (0 queries, 0 cached) | GC: 0.0ms)


Started GET "/name" for ::1 at 2024-10-09 16:36:24 +0300
Processing by HomeController#get_name as HTML
  Rendering layout layouts/application.html.erb
  Rendering home/get_name.html.erb within layouts/application
  Rendered home/get_name.html.erb within layouts/application (Duration: 0.1ms | GC: 0.0ms)
  Rendered layout layouts/application.html.erb (Duration: 3.0ms | GC: 0.5ms)
Completed 200 OK in 4ms (Views: 3.4ms | ActiveRecord: 0.0ms (0 queries, 0 cached) | GC: 0.5ms)


Started GET "/manifest.json" for ::1 at 2024-10-09 16:36:25 +0300
Processing by Rails::PwaController#manifest as JSON
  Rendering pwa/manifest.json.erb
  Rendered pwa/manifest.json.erb (Duration: 0.2ms | GC: 0.0ms)
Completed 200 OK in 2ms (Views: 0.9ms | ActiveRecord: 0.0ms (0 queries, 0 cached) | GC: 0.0ms)


Started GET "/name" for ::1 at 2024-10-09 16:37:00 +0300
Processing by HomeController#get_name as HTML
  Rendering layout layouts/application.html.erb
  Rendering home/get_name.html.erb within layouts/application
  Rendered home/get_name.html.erb within layouts/application (Duration: 0.3ms | GC: 0.0ms)
  Rendered layout layouts/application.html.erb (Duration: 6.6ms | GC: 0.0ms)
Completed 200 OK in 8ms (Views: 7.0ms | ActiveRecord: 0.0ms (0 queries, 0 cached) | GC: 0.0ms)


Started GET "/manifest.json" for ::1 at 2024-10-09 16:37:00 +0300
Processing by Rails::PwaController#manifest as JSON
  Rendering pwa/manifest.json.erb
  Rendered pwa/manifest.json.erb (Duration: 0.3ms | GC: 0.0ms)
Completed 200 OK in 3ms (Views: 1.5ms | ActiveRecord: 0.0ms (0 queries, 0 cached) | GC: 0.0ms)


Started GET "/name" for ::1 at 2024-10-09 16:38:31 +0300
  [1m[36mActiveRecord::SchemaMigration Load (0.9ms)[0m  [1m[34mSELECT "schema_migrations"."version" FROM "schema_migrations" ORDER BY "schema_migrations"."version" ASC[0m
Processing by HomeController#get_name as HTML
  Rendering layout layouts/application.html.erb
  Rendering home/get_name.html.erb within layouts/application
  Rendered home/get_name.html.erb within layouts/application (Duration: 0.6ms | GC: 0.0ms)
  Rendered layout layouts/application.html.erb (Duration: 166.5ms | GC: 28.8ms)
Completed 200 OK in 212ms (Views: 174.5ms | ActiveRecord: 0.0ms (0 queries, 0 cached) | GC: 28.8ms)


Started GET "/manifest.json" for ::1 at 2024-10-09 16:38:33 +0300
Processing by Rails::PwaController#manifest as JSON
  Rendering pwa/manifest.json.erb
  Rendered pwa/manifest.json.erb (Duration: 0.8ms | GC: 0.0ms)
Completed 200 OK in 6ms (Views: 4.9ms | ActiveRecord: 0.0ms (0 queries, 0 cached) | GC: 0.0ms)


Started GET "/" for ::1 at 2024-10-09 16:38:43 +0300
Processing by HomeController#index as HTML
  Rendering text template
  Rendered text template (Duration: 0.2ms | GC: 0.0ms)
Completed 200 OK in 3ms (Views: 2.0ms | ActiveRecord: 0.0ms (0 queries, 0 cached) | GC: 0.0ms)


Started GET "/name" for ::1 at 2024-10-09 16:39:04 +0300
Processing by HomeController#get_name as HTML
  Rendering layout layouts/application.html.erb
  Rendering home/get_name.html.erb within layouts/application
  Rendered home/get_name.html.erb within layouts/application (Duration: 0.2ms | GC: 0.0ms)
  Rendered layout layouts/application.html.erb (Duration: 23.7ms | GC: 0.0ms)
Completed 200 OK in 26ms (Views: 24.4ms | ActiveRecord: 0.0ms (0 queries, 0 cached) | GC: 0.0ms)


Started GET "/manifest.json" for ::1 at 2024-10-09 16:39:04 +0300
Processing by Rails::PwaController#manifest as JSON
  Rendering pwa/manifest.json.erb
  Rendered pwa/manifest.json.erb (Duration: 0.8ms | GC: 0.0ms)
Completed 200 OK in 2ms (Views: 1.3ms | ActiveRecord: 0.0ms (0 queries, 0 cached) | GC: 0.0ms)


Started GET "/name" for ::1 at 2024-10-09 16:39:13 +0300
Processing by HomeController#get_name as HTML
  Rendering layout layouts/application.html.erb
  Rendering home/get_name.html.erb within layouts/application
  Rendered home/get_name.html.erb within layouts/application (Duration: 0.2ms | GC: 0.0ms)
  Rendered layout layouts/application.html.erb (Duration: 142.9ms | GC: 0.0ms)
Completed 200 OK in 145ms (Views: 143.4ms | ActiveRecord: 0.0ms (0 queries, 0 cached) | GC: 0.0ms)


Started GET "/manifest.json" for ::1 at 2024-10-09 16:39:14 +0300
Processing by Rails::PwaController#manifest as JSON
  Rendering pwa/manifest.json.erb
  Rendered pwa/manifest.json.erb (Duration: 0.4ms | GC: 0.0ms)
Completed 200 OK in 3ms (Views: 1.3ms | ActiveRecord: 0.0ms (0 queries, 0 cached) | GC: 0.0ms)


Started GET "/name" for ::1 at 2024-10-09 16:41:01 +0300
Processing by HomeController#get_name as HTML
  Rendering layout layouts/application.html.erb
  Rendering home/get_name.html.erb within layouts/application
  Rendered home/get_name.html.erb within layouts/application (Duration: 5.9ms | GC: 0.0ms)
  Rendered layout layouts/application.html.erb (Duration: 49.5ms | GC: 0.0ms)
Completed 200 OK in 446ms (Views: 68.4ms | ActiveRecord: 0.0ms (0 queries, 0 cached) | GC: 0.0ms)


Started GET "/manifest.json" for ::1 at 2024-10-09 16:41:02 +0300
Processing by Rails::PwaController#manifest as JSON
  Rendering pwa/manifest.json.erb
  Rendered pwa/manifest.json.erb (Duration: 1.9ms | GC: 0.0ms)
Completed 200 OK in 7ms (Views: 3.6ms | ActiveRecord: 0.0ms (0 queries, 0 cached) | GC: 0.0ms)


Started GET "/name" for ::1 at 2024-10-10 16:11:01 +0300
  [1m[36mActiveRecord::SchemaMigration Load (0.8ms)[0m  [1m[34mSELECT "schema_migrations"."version" FROM "schema_migrations" ORDER BY "schema_migrations"."version" ASC[0m
Processing by HomeController#get_name as HTML
  Rendering layout layouts/application.html.erb
  Rendering home/get_name.html.erb within layouts/application
  Rendered home/get_name.html.erb within layouts/application (Duration: 0.8ms | GC: 0.0ms)
  Rendered layout layouts/application.html.erb (Duration: 2787.1ms | GC: 55.6ms)
Completed 200 OK in 2846ms (Views: 2795.9ms | ActiveRecord: 0.0ms (0 queries, 0 cached) | GC: 55.6ms)


Started GET "/manifest.json" for ::1 at 2024-10-10 16:11:08 +0300
Processing by Rails::PwaController#manifest as JSON
  Rendering pwa/manifest.json.erb
  Rendered pwa/manifest.json.erb (Duration: 8.4ms | GC: 0.0ms)
Completed 200 OK in 22ms (Views: 20.9ms | ActiveRecord: 0.0ms (0 queries, 0 cached) | GC: 0.0ms)


Started GET "/age" for ::1 at 2024-10-12 17:42:15 +0300
  [1m[36mActiveRecord::SchemaMigration Load (1.0ms)[0m  [1m[34mSELECT "schema_migrations"."version" FROM "schema_migrations" ORDER BY "schema_migrations"."version" ASC[0m
Processing by HomeController#get_age as HTML
  Rendering layout layouts/application.html.erb
  Rendering home/age.html.erb within layouts/application
  Rendered home/age.html.erb within layouts/application (Duration: 0.7ms | GC: 0.0ms)
  Rendered layout layouts/application.html.erb (Duration: 196.7ms | GC: 28.5ms)
Completed 200 OK in 246ms (Views: 217.6ms | ActiveRecord: 0.0ms (0 queries, 0 cached) | GC: 28.7ms)


Started GET "/manifest.json" for ::1 at 2024-10-12 17:42:18 +0300
Processing by Rails::PwaController#manifest as JSON
  Rendering pwa/manifest.json.erb
  Rendered pwa/manifest.json.erb (Duration: 1.1ms | GC: 0.0ms)
Completed 200 OK in 15ms (Views: 10.5ms | ActiveRecord: 0.0ms (0 queries, 0 cached) | GC: 0.0ms)


Started GET "/age" for ::1 at 2024-10-12 17:51:28 +0300
Processing by HomeController#get_age as HTML
  Rendering layout layouts/application.html.erb
  Rendering home/age.html.erb within layouts/application
  Rendered home/age.html.erb within layouts/application (Duration: 1.4ms | GC: 0.0ms)
  Rendered layout layouts/application.html.erb (Duration: 121.4ms | GC: 56.6ms)
Completed 200 OK in 129ms (Views: 126.4ms | ActiveRecord: 0.0ms (0 queries, 0 cached) | GC: 56.6ms)


Started GET "/manifest.json" for ::1 at 2024-10-12 17:51:29 +0300
Processing by Rails::PwaController#manifest as JSON
  Rendering pwa/manifest.json.erb
  Rendered pwa/manifest.json.erb (Duration: 1.4ms | GC: 0.0ms)
Completed 200 OK in 7ms (Views: 5.7ms | ActiveRecord: 0.0ms (0 queries, 0 cached) | GC: 0.9ms)


Started GET "/age" for ::1 at 2024-10-12 18:13:11 +0300
Processing by HomeController#get_age as HTML
  Rendering layout layouts/application.html.erb
  Rendering home/age.html.erb within layouts/application
  Rendered home/age.html.erb within layouts/application (Duration: 2.0ms | GC: 0.0ms)
  Rendered layout layouts/application.html.erb (Duration: 134.4ms | GC: 0.0ms)
Completed 200 OK in 146ms (Views: 142.5ms | ActiveRecord: 0.0ms (0 queries, 0 cached) | GC: 0.0ms)


Started GET "/manifest.json" for ::1 at 2024-10-12 18:13:13 +0300
Processing by Rails::PwaController#manifest as JSON
  Rendering pwa/manifest.json.erb
  Rendered pwa/manifest.json.erb (Duration: 0.9ms | GC: 0.0ms)
Completed 200 OK in 6ms (Views: 4.8ms | ActiveRecord: 0.0ms (0 queries, 0 cached) | GC: 0.0ms)


Started GET "/name" for ::1 at 2024-10-12 18:13:21 +0300
Processing by HomeController#get_name as HTML
  Rendering layout layouts/application.html.erb
  Rendering home/get_name.html.erb within layouts/application
  Rendered home/get_name.html.erb within layouts/application (Duration: 1.0ms | GC: 0.0ms)
  Rendered layout layouts/application.html.erb (Duration: 8.3ms | GC: 0.0ms)
Completed 200 OK in 12ms (Views: 9.1ms | ActiveRecord: 0.0ms (0 queries, 0 cached) | GC: 0.0ms)


Started GET "/manifest.json" for ::1 at 2024-10-12 18:13:22 +0300
Processing by Rails::PwaController#manifest as JSON
  Rendering pwa/manifest.json.erb
  Rendered pwa/manifest.json.erb (Duration: 1.8ms | GC: 0.0ms)
Completed 200 OK in 4ms (Views: 2.7ms | ActiveRecord: 0.0ms (0 queries, 0 cached) | GC: 0.0ms)


Started GET "/name" for ::1 at 2024-10-12 18:13:24 +0300
Processing by HomeController#get_name as HTML
  Rendering layout layouts/application.html.erb
  Rendering home/get_name.html.erb within layouts/application
  Rendered home/get_name.html.erb within layouts/application (Duration: 0.1ms | GC: 0.0ms)
  Rendered layout layouts/application.html.erb (Duration: 3.0ms | GC: 0.0ms)
Completed 200 OK in 6ms (Views: 3.6ms | ActiveRecord: 0.0ms (0 queries, 0 cached) | GC: 0.0ms)


Started GET "/manifest.json" for ::1 at 2024-10-12 18:13:24 +0300
Processing by Rails::PwaController#manifest as JSON
  Rendering pwa/manifest.json.erb
  Rendered pwa/manifest.json.erb (Duration: 0.2ms | GC: 0.0ms)
Completed 200 OK in 12ms (Views: 1.0ms | ActiveRecord: 0.0ms (0 queries, 0 cached) | GC: 0.0ms)


Started GET "/age" for ::1 at 2024-10-12 18:14:07 +0300
Processing by HomeController#get_age as HTML
  Rendering layout layouts/application.html.erb
  Rendering home/age.html.erb within layouts/application
  Rendered home/age.html.erb within layouts/application (Duration: 0.6ms | GC: 0.0ms)
  Rendered layout layouts/application.html.erb (Duration: 31.2ms | GC: 0.0ms)
Completed 200 OK in 36ms (Views: 35.3ms | ActiveRecord: 0.0ms (0 queries, 0 cached) | GC: 0.0ms)


Started GET "/manifest.json" for ::1 at 2024-10-12 18:14:08 +0300
Processing by Rails::PwaController#manifest as JSON
  Rendering pwa/manifest.json.erb
  Rendered pwa/manifest.json.erb (Duration: 3.5ms | GC: 0.0ms)
Completed 200 OK in 6ms (Views: 5.3ms | ActiveRecord: 0.0ms (0 queries, 0 cached) | GC: 0.0ms)


Started GET "/name" for ::1 at 2024-10-12 18:14:13 +0300
Processing by HomeController#get_name as HTML
  Rendering layout layouts/application.html.erb
  Rendering home/get_name.html.erb within layouts/application
  Rendered home/get_name.html.erb within layouts/application (Duration: 0.8ms | GC: 0.0ms)
  Rendered layout layouts/application.html.erb (Duration: 28.6ms | GC: 13.9ms)
Completed 200 OK in 40ms (Views: 29.4ms | ActiveRecord: 0.0ms (0 queries, 0 cached) | GC: 13.9ms)


Started GET "/manifest.json" for ::1 at 2024-10-12 18:14:13 +0300
Processing by Rails::PwaController#manifest as JSON
  Rendering pwa/manifest.json.erb
  Rendered pwa/manifest.json.erb (Duration: 3.9ms | GC: 0.0ms)
Completed 200 OK in 37ms (Views: 16.0ms | ActiveRecord: 0.0ms (0 queries, 0 cached) | GC: 0.0ms)


Started GET "/name" for ::1 at 2024-10-12 18:28:02 +0300
Processing by HomeController#get_name as HTML
  Rendering layout layouts/application.html.erb
  Rendering home/get_name.html.erb within layouts/application
  Rendered home/get_name.html.erb within layouts/application (Duration: 0.1ms | GC: 0.0ms)
  Rendered layout layouts/application.html.erb (Duration: 47.9ms | GC: 2.0ms)
Completed 200 OK in 50ms (Views: 48.7ms | ActiveRecord: 0.0ms (0 queries, 0 cached) | GC: 2.0ms)


Started GET "/manifest.json" for ::1 at 2024-10-12 18:28:03 +0300
Processing by Rails::PwaController#manifest as JSON
  Rendering pwa/manifest.json.erb
  Rendered pwa/manifest.json.erb (Duration: 0.2ms | GC: 0.0ms)
Completed 200 OK in 2ms (Views: 0.8ms | ActiveRecord: 0.0ms (0 queries, 0 cached) | GC: 0.0ms)


  [1m[36mActiveRecord::InternalMetadata Load (2.1ms)[0m  [1m[34mSELECT * FROM "ar_internal_metadata" WHERE "ar_internal_metadata"."key" = ? ORDER BY "ar_internal_metadata"."key" ASC LIMIT 1[0m  [[nil, "environment"]]
  [1m[36mActiveRecord::InternalMetadata Create (5.1ms)[0m  [1m[32mINSERT INTO "ar_internal_metadata" ("key", "value", "created_at", "updated_at") VALUES ('environment', 'development', '2024-10-15 18:30:59.685355', '2024-10-15 18:30:59.685360') RETURNING "key"[0m
  [1m[36mActiveRecord::SchemaMigration Load (0.2ms)[0m  [1m[34mSELECT "schema_migrations"."version" FROM "schema_migrations" ORDER BY "schema_migrations"."version" ASC[0m
Migrating to CreateUsers (20241015183019)
  [1m[36mTRANSACTION (0.1ms)[0m  [1m[36mbegin transaction[0m
  [1m[35m (10.0ms)[0m  [1m[35mCREATE TABLE "users" ("id" integer PRIMARY KEY AUTOINCREMENT NOT NULL, "name" text, "email" text, "created_at" datetime(6) NOT NULL, "updated_at" datetime(6) NOT NULL)[0m
  [1m[36mActiveRecord::SchemaMigration Create (0.7ms)[0m  [1m[32mINSERT INTO "schema_migrations" ("version") VALUES ('20241015183019') RETURNING "version"[0m
  [1m[36mTRANSACTION (0.3ms)[0m  [1m[36mcommit transaction[0m
  [1m[36mActiveRecord::SchemaMigration Load (0.1ms)[0m  [1m[34mSELECT "schema_migrations"."version" FROM "schema_migrations" ORDER BY "schema_migrations"."version" ASC[0m
  [1m[36mActiveRecord::SchemaMigration Load (0.8ms)[0m  [1m[34mSELECT "schema_migrations"."version" FROM "schema_migrations" ORDER BY "schema_migrations"."version" ASC[0m
  [1m[36mActiveRecord::SchemaMigration Load (0.1ms)[0m  [1m[34mSELECT "schema_migrations"."version" FROM "schema_migrations" ORDER BY "schema_migrations"."version" ASC[0m
  [1m[36mActiveRecord::SchemaMigration Load (0.1ms)[0m  [1m[34mSELECT "schema_migrations"."version" FROM "schema_migrations" ORDER BY "schema_migrations"."version" ASC[0m
  [1m[36mActiveRecord::SchemaMigration Load (0.1ms)[0m  [1m[34mSELECT "schema_migrations"."version" FROM "schema_migrations" ORDER BY "schema_migrations"."version" ASC[0m
Migrating to CreateUsers (20241015183019)
  [1m[36mTRANSACTION (0.1ms)[0m  [1m[36mbegin transaction[0m
  [1m[35m (6.5ms)[0m  [1m[35mDROP TABLE "users"[0m
  [1m[36mActiveRecord::SchemaMigration Destroy (0.1ms)[0m  [1m[31mDELETE FROM "schema_migrations" WHERE "schema_migrations"."version" = '20241015183019'[0m
  [1m[36mTRANSACTION (1.2ms)[0m  [1m[36mcommit transaction[0m
  [1m[36mActiveRecord::SchemaMigration Load (0.2ms)[0m  [1m[34mSELECT "schema_migrations"."version" FROM "schema_migrations" ORDER BY "schema_migrations"."version" ASC[0m
  [1m[36mActiveRecord::InternalMetadata Load (1.4ms)[0m  [1m[34mSELECT * FROM "ar_internal_metadata" WHERE "ar_internal_metadata"."key" = ? ORDER BY "ar_internal_metadata"."key" ASC LIMIT 1[0m  [[nil, "environment"]]
  [1m[36mActiveRecord::SchemaMigration Load (0.2ms)[0m  [1m[34mSELECT "schema_migrations"."version" FROM "schema_migrations" ORDER BY "schema_migrations"."version" ASC[0m
Migrating to CreateUsers (20241015183019)
  [1m[36mTRANSACTION (0.1ms)[0m  [1m[36mbegin transaction[0m
  [1m[35m (9.7ms)[0m  [1m[35mCREATE TABLE "users" ("id" integer PRIMARY KEY AUTOINCREMENT NOT NULL, "name" text, "email" text, "created_at" datetime(6) NOT NULL, "updated_at" datetime(6) NOT NULL)[0m
  [1m[36mActiveRecord::SchemaMigration Create (1.0ms)[0m  [1m[32mINSERT INTO "schema_migrations" ("version") VALUES ('20241015183019') RETURNING "version"[0m
  [1m[36mTRANSACTION (1.7ms)[0m  [1m[36mcommit transaction[0m
  [1m[36mActiveRecord::SchemaMigration Load (0.1ms)[0m  [1m[34mSELECT "schema_migrations"."version" FROM "schema_migrations" ORDER BY "schema_migrations"."version" ASC[0m
  [1m[36mActiveRecord::SchemaMigration Load (7.9ms)[0m  [1m[34mSELECT "schema_migrations"."version" FROM "schema_migrations" ORDER BY "schema_migrations"."version" ASC[0m
  [1m[36mActiveRecord::SchemaMigration Load (0.1ms)[0m  [1m[34mSELECT "schema_migrations"."version" FROM "schema_migrations" ORDER BY "schema_migrations"."version" ASC[0m
  [1m[36mActiveRecord::SchemaMigration Load (0.1ms)[0m  [1m[34mSELECT "schema_migrations"."version" FROM "schema_migrations" ORDER BY "schema_migrations"."version" ASC[0m
  [1m[36mActiveRecord::SchemaMigration Load (0.8ms)[0m  [1m[34mSELECT "schema_migrations"."version" FROM "schema_migrations" ORDER BY "schema_migrations"."version" ASC[0m
  [1m[36mActiveRecord::SchemaMigration Load (2.1ms)[0m  [1m[34mSELECT "schema_migrations"."version" FROM "schema_migrations" ORDER BY "schema_migrations"."version" ASC[0m
  [1m[36mActiveRecord::SchemaMigration Load (0.1ms)[0m  [1m[34mSELECT "schema_migrations"."version" FROM "schema_migrations" ORDER BY "schema_migrations"."version" ASC[0m
  [1m[36mUser Load (95.5ms)[0m  [1m[34mSELECT "users".* FROM "users" /* loading for pp */ LIMIT ?[0m  [["LIMIT", 11]]
  [1m[36mTRANSACTION (0.1ms)[0m  [1m[36mbegin transaction[0m
  [1m[36mUser Create (6.2ms)[0m  [1m[32mINSERT INTO "users" ("name", "email", "created_at", "updated_at") VALUES (?, ?, ?, ?) RETURNING "id"[0m  [["name", "musa"], ["email", "[FILTERED]"], ["created_at", "2024-10-16 15:35:32.248247"], ["updated_at", "2024-10-16 15:35:32.248247"]]
  [1m[36mTRANSACTION (3.2ms)[0m  [1m[36mcommit transaction[0m
  [1m[36mUser Pluck (10.3ms)[0m  [1m[34mSELECT "users"."id", "users"."name" FROM "users"[0m
  [1m[36mUser Load (5.7ms)[0m  [1m[34mSELECT "users".* FROM "users" WHERE "users"."name" = ? LIMIT ?[0m  [["name", "musa"], ["LIMIT", 1]]
  [1m[36mUser Load (0.2ms)[0m  [1m[34mSELECT "users".* FROM "users" WHERE "users"."email" = ? /* loading for pp */ LIMIT ?[0m  [["email", "[FILTERED]"], ["LIMIT", 11]]
  [1m[36mTRANSACTION (0.1ms)[0m  [1m[36mbegin transaction[0m
  [1m[36mUser Exists? (3.1ms)[0m  [1m[34mSELECT 1 AS one FROM "users" WHERE "users"."email" = ? LIMIT ?[0m  [["email", "[FILTERED]"], ["LIMIT", 1]]
  [1m[36mUser Exists? (0.1ms)[0m  [1m[34mSELECT 1 AS one FROM "users" WHERE "users"."email" = ? LIMIT ?[0m  [["email", "[FILTERED]"], ["LIMIT", 1]]
  [1m[36mUser Exists? (0.9ms)[0m  [1m[34mSELECT 1 AS one FROM "users" WHERE "users"."email" = ? LIMIT ?[0m  [["email", "[FILTERED]"], ["LIMIT", 1]]
  [1m[36mUser Exists? (0.2ms)[0m  [1m[34mSELECT 1 AS one FROM "users" WHERE "users"."email" = ? LIMIT ?[0m  [["email", "[FILTERED]"], ["LIMIT", 1]]
  [1m[36mUser Exists? (0.2ms)[0m  [1m[34mSELECT 1 AS one FROM "users" WHERE "users"."email" = ? LIMIT ?[0m  [["email", "[FILTERED]"], ["LIMIT", 1]]
  [1m[36mUser Exists? (0.1ms)[0m  [1m[34mSELECT 1 AS one FROM "users" WHERE "users"."email" = ? LIMIT ?[0m  [["email", "[FILTERED]"], ["LIMIT", 1]]
  [1m[36mUser Exists? (0.1ms)[0m  [1m[34mSELECT 1 AS one FROM "users" WHERE "users"."email" = ? LIMIT ?[0m  [["email", "[FILTERED]"], ["LIMIT", 1]]
  [1m[36mUser Exists? (0.1ms)[0m  [1m[34mSELECT 1 AS one FROM "users" WHERE "users"."email" = ? LIMIT ?[0m  [["email", "[FILTERED]"], ["LIMIT", 1]]
  [1m[36mUser Exists? (0.6ms)[0m  [1m[34mSELECT 1 AS one FROM "users" WHERE "users"."email" = ? LIMIT ?[0m  [["email", "[FILTERED]"], ["LIMIT", 1]]
  [1m[36mUser Exists? (0.1ms)[0m  [1m[34mSELECT 1 AS one FROM "users" WHERE "users"."email" = ? LIMIT ?[0m  [["email", "[FILTERED]"], ["LIMIT", 1]]
  [1m[36mUser Create (1.1ms)[0m  [1m[32mINSERT INTO "users" ("name", "email", "created_at", "updated_at") VALUES (?, ?, ?, ?) RETURNING "id"[0m  [["name", "User #6"], ["email", "[FILTERED]"], ["created_at", "2024-10-18 16:39:51.184865"], ["updated_at", "2024-10-18 16:39:51.184865"]]
  [1m[36mTRANSACTION (0.6ms)[0m  [1m[36mcommit transaction[0m
  [1m[36mActiveRecord::InternalMetadata Load (1.6ms)[0m  [1m[34mSELECT * FROM "ar_internal_metadata" WHERE "ar_internal_metadata"."key" = ? ORDER BY "ar_internal_metadata"."key" ASC LIMIT 1[0m  [[nil, "environment"]]
  [1m[36mActiveRecord::SchemaMigration Load (0.2ms)[0m  [1m[34mSELECT "schema_migrations"."version" FROM "schema_migrations" ORDER BY "schema_migrations"."version" ASC[0m
Migrating to CreateUsers (20241016152847)
  [1m[36mTRANSACTION (0.1ms)[0m  [1m[36mbegin transaction[0m
  [1m[35m (13.5ms)[0m  [1m[35mCREATE TABLE "users" ("id" integer PRIMARY KEY AUTOINCREMENT NOT NULL, "name" text, "email" text, "created_at" datetime(6) NOT NULL, "updated_at" datetime(6) NOT NULL)[0m
  [1m[36mTRANSACTION (0.1ms)[0m  [1m[31mrollback transaction[0m
  [1m[36mActiveRecord::InternalMetadata Load (1.4ms)[0m  [1m[34mSELECT * FROM "ar_internal_metadata" WHERE "ar_internal_metadata"."key" = ? ORDER BY "ar_internal_metadata"."key" ASC LIMIT 1[0m  [[nil, "environment"]]
  [1m[36mActiveRecord::SchemaMigration Load (0.2ms)[0m  [1m[34mSELECT "schema_migrations"."version" FROM "schema_migrations" ORDER BY "schema_migrations"."version" ASC[0m
Migrating to CreateUsers (20241016152847)
  [1m[36mTRANSACTION (0.1ms)[0m  [1m[36mbegin transaction[0m
  [1m[35m (11.7ms)[0m  [1m[35mCREATE TABLE "users" ("id" integer PRIMARY KEY AUTOINCREMENT NOT NULL, "name" text, "email" text, "created_at" datetime(6) NOT NULL, "updated_at" datetime(6) NOT NULL)[0m
  [1m[36mTRANSACTION (0.1ms)[0m  [1m[31mrollback transaction[0m
  [1m[36mActiveRecord::InternalMetadata Load (1.6ms)[0m  [1m[34mSELECT * FROM "ar_internal_metadata" WHERE "ar_internal_metadata"."key" = ? ORDER BY "ar_internal_metadata"."key" ASC LIMIT 1[0m  [[nil, "environment"]]
  [1m[36mActiveRecord::SchemaMigration Load (0.4ms)[0m  [1m[34mSELECT "schema_migrations"."version" FROM "schema_migrations" ORDER BY "schema_migrations"."version" ASC[0m
Migrating to CreateUsers (20241016152847)
  [1m[36mTRANSACTION (0.1ms)[0m  [1m[36mbegin transaction[0m
  [1m[35m (9.7ms)[0m  [1m[35mCREATE TABLE "users" ("id" integer PRIMARY KEY AUTOINCREMENT NOT NULL, "name" text, "email" text, "created_at" datetime(6) NOT NULL, "updated_at" datetime(6) NOT NULL)[0m
  [1m[36mTRANSACTION (0.1ms)[0m  [1m[31mrollback transaction[0m
  [1m[36mActiveRecord::InternalMetadata Load (1.4ms)[0m  [1m[34mSELECT * FROM "ar_internal_metadata" WHERE "ar_internal_metadata"."key" = ? ORDER BY "ar_internal_metadata"."key" ASC LIMIT 1[0m  [[nil, "environment"]]
  [1m[36mActiveRecord::SchemaMigration Load (0.2ms)[0m  [1m[34mSELECT "schema_migrations"."version" FROM "schema_migrations" ORDER BY "schema_migrations"."version" ASC[0m
Migrating to CreateUsers (20241016152847)
  [1m[36mTRANSACTION (0.1ms)[0m  [1m[36mbegin transaction[0m
  [1m[35m (9.5ms)[0m  [1m[35mCREATE TABLE "users" ("id" integer PRIMARY KEY AUTOINCREMENT NOT NULL, "name" text, "email" text, "created_at" datetime(6) NOT NULL, "updated_at" datetime(6) NOT NULL)[0m
  [1m[36mTRANSACTION (0.1ms)[0m  [1m[31mrollback transaction[0m
  [1m[36mActiveRecord::InternalMetadata Load (1.4ms)[0m  [1m[34mSELECT * FROM "ar_internal_metadata" WHERE "ar_internal_metadata"."key" = ? ORDER BY "ar_internal_metadata"."key" ASC LIMIT 1[0m  [[nil, "environment"]]
  [1m[36mActiveRecord::SchemaMigration Load (2.0ms)[0m  [1m[34mSELECT "schema_migrations"."version" FROM "schema_migrations" ORDER BY "schema_migrations"."version" ASC[0m
Migrating to CreateUsers (20241016152847)
  [1m[36mTRANSACTION (0.1ms)[0m  [1m[36mbegin transaction[0m
  [1m[35m (6.8ms)[0m  [1m[35mCREATE TABLE "users" ("id" integer PRIMARY KEY AUTOINCREMENT NOT NULL, "name" text, "email" text, "created_at" datetime(6) NOT NULL, "updated_at" datetime(6) NOT NULL)[0m
  [1m[36mTRANSACTION (0.1ms)[0m  [1m[31mrollback transaction[0m
  [1m[36mActiveRecord::InternalMetadata Load (3.9ms)[0m  [1m[34mSELECT * FROM "ar_internal_metadata" WHERE "ar_internal_metadata"."key" = ? ORDER BY "ar_internal_metadata"."key" ASC LIMIT 1[0m  [[nil, "environment"]]
  [1m[36mActiveRecord::SchemaMigration Load (0.2ms)[0m  [1m[34mSELECT "schema_migrations"."version" FROM "schema_migrations" ORDER BY "schema_migrations"."version" ASC[0m
Migrating to CreateUsers (20241016152847)
  [1m[36mTRANSACTION (0.1ms)[0m  [1m[36mbegin transaction[0m
  [1m[35m (7.8ms)[0m  [1m[35mCREATE TABLE "users" ("id" integer PRIMARY KEY AUTOINCREMENT NOT NULL, "name" text, "email" text, "created_at" datetime(6) NOT NULL, "updated_at" datetime(6) NOT NULL)[0m
  [1m[36mTRANSACTION (0.1ms)[0m  [1m[31mrollback transaction[0m
  [1m[36mActiveRecord::InternalMetadata Load (1.4ms)[0m  [1m[34mSELECT * FROM "ar_internal_metadata" WHERE "ar_internal_metadata"."key" = ? ORDER BY "ar_internal_metadata"."key" ASC LIMIT 1[0m  [[nil, "environment"]]
  [1m[36mActiveRecord::SchemaMigration Load (0.2ms)[0m  [1m[34mSELECT "schema_migrations"."version" FROM "schema_migrations" ORDER BY "schema_migrations"."version" ASC[0m
Migrating to CreateUsers (20241016152847)
  [1m[36mTRANSACTION (0.1ms)[0m  [1m[36mbegin transaction[0m
  [1m[35m (7.9ms)[0m  [1m[35mCREATE TABLE "users" ("id" integer PRIMARY KEY AUTOINCREMENT NOT NULL, "name" text, "email" text, "created_at" datetime(6) NOT NULL, "updated_at" datetime(6) NOT NULL)[0m
  [1m[36mTRANSACTION (0.1ms)[0m  [1m[31mrollback transaction[0m
  [1m[36mActiveRecord::InternalMetadata Load (1.6ms)[0m  [1m[34mSELECT * FROM "ar_internal_metadata" WHERE "ar_internal_metadata"."key" = ? ORDER BY "ar_internal_metadata"."key" ASC LIMIT 1[0m  [[nil, "environment"]]
  [1m[36mActiveRecord::SchemaMigration Load (0.2ms)[0m  [1m[34mSELECT "schema_migrations"."version" FROM "schema_migrations" ORDER BY "schema_migrations"."version" ASC[0m
Migrating to CreateStudents (20241018182029)
  [1m[36mTRANSACTION (0.1ms)[0m  [1m[36mbegin transaction[0m
  [1m[35m (8.4ms)[0m  [1m[35mCREATE TABLE "students" ("id" integer PRIMARY KEY AUTOINCREMENT NOT NULL, "name" text, "student_number" integer, "created_at" datetime(6) NOT NULL, "updated_at" datetime(6) NOT NULL)[0m
  [1m[36mActiveRecord::SchemaMigration Create (1.4ms)[0m  [1m[32mINSERT INTO "schema_migrations" ("version") VALUES ('20241018182029') RETURNING "version"[0m
  [1m[36mTRANSACTION (0.9ms)[0m  [1m[36mcommit transaction[0m
Migrating to AdbDivravsell (20241018183006)
  [1m[36mActiveRecord::InternalMetadata Load (0.3ms)[0m  [1m[34mSELECT * FROM "ar_internal_metadata" WHERE "ar_internal_metadata"."key" = ? ORDER BY "ar_internal_metadata"."key" ASC LIMIT 1[0m  [[nil, "environment"]]
  [1m[36mActiveRecord::SchemaMigration Load (0.2ms)[0m  [1m[34mSELECT "schema_migrations"."version" FROM "schema_migrations" ORDER BY "schema_migrations"."version" ASC[0m
Migrating to AdbDivravsell (20241018183006)
Started GET "/name" for ::1 at 2024-10-22 21:36:24 +0300
  [1m[36mActiveRecord::SchemaMigration Load (1.4ms)[0m  [1m[34mSELECT "schema_migrations"."version" FROM "schema_migrations" ORDER BY "schema_migrations"."version" ASC[0m
  
ActiveRecord::PendingMigrationError (

Migrations are pending. To resolve this issue, run:

        bin/rails db:migrate

You have 4 pending migrations:

db/migrate/20241018183006_adb_divravsell.rb
db/migrate/20241019151119_adb_division_ref_to_students.rb
db/migrate/20241021142115_create_divisions.rb
db/migrate/20241021145256_create_subjects.rb


):
  
activerecord (7.2.1) lib/active_record/migration.rb:756:in `check_pending_migrations'
activerecord (7.2.1) lib/active_record/migration.rb:663:in `block (2 levels) in call'
activesupport (7.2.1) lib/active_support/file_update_checker.rb:85:in `execute'
activerecord (7.2.1) lib/active_record/migration.rb:668:in `block in call'
activerecord (7.2.1) lib/active_record/migration.rb:660:in `synchronize'
activerecord (7.2.1) lib/active_record/migration.rb:660:in `call'
actionpack (7.2.1) lib/action_dispatch/middleware/callbacks.rb:31:in `block in call'
activesupport (7.2.1) lib/active_support/callbacks.rb:101:in `run_callbacks'
actionpack (7.2.1) lib/action_dispatch/middleware/callbacks.rb:30:in `call'
actionpack (7.2.1) lib/action_dispatch/middleware/executor.rb:16:in `call'
actionpack (7.2.1) lib/action_dispatch/middleware/actionable_exceptions.rb:18:in `call'
actionpack (7.2.1) lib/action_dispatch/middleware/debug_exceptions.rb:31:in `call'
web-console (4.2.1) lib/web_console/middleware.rb:132:in `call_app'
web-console (4.2.1) lib/web_console/middleware.rb:28:in `block in call'
web-console (4.2.1) lib/web_console/middleware.rb:17:in `catch'
web-console (4.2.1) lib/web_console/middleware.rb:17:in `call'
actionpack (7.2.1) lib/action_dispatch/middleware/show_exceptions.rb:32:in `call'
railties (7.2.1) lib/rails/rack/logger.rb:41:in `call_app'
railties (7.2.1) lib/rails/rack/logger.rb:29:in `call'
sprockets-rails (3.5.2) lib/sprockets/rails/quiet_assets.rb:17:in `call'
actionpack (7.2.1) lib/action_dispatch/middleware/remote_ip.rb:96:in `call'
actionpack (7.2.1) lib/action_dispatch/middleware/request_id.rb:33:in `call'
rack (3.1.7) lib/rack/method_override.rb:28:in `call'
rack (3.1.7) lib/rack/runtime.rb:24:in `call'
activesupport (7.2.1) lib/active_support/cache/strategy/local_cache_middleware.rb:29:in `call'
actionpack (7.2.1) lib/action_dispatch/middleware/server_timing.rb:61:in `block in call'
actionpack (7.2.1) lib/action_dispatch/middleware/server_timing.rb:26:in `collect_events'
actionpack (7.2.1) lib/action_dispatch/middleware/server_timing.rb:60:in `call'
actionpack (7.2.1) lib/action_dispatch/middleware/executor.rb:16:in `call'
actionpack (7.2.1) lib/action_dispatch/middleware/static.rb:27:in `call'
rack (3.1.7) lib/rack/sendfile.rb:114:in `call'
actionpack (7.2.1) lib/action_dispatch/middleware/host_authorization.rb:143:in `call'
railties (7.2.1) lib/rails/engine.rb:535:in `call'
puma (6.4.3) lib/puma/configuration.rb:272:in `call'
puma (6.4.3) lib/puma/request.rb:100:in `block in handle_request'
puma (6.4.3) lib/puma/thread_pool.rb:378:in `with_force_shutdown'
puma (6.4.3) lib/puma/request.rb:99:in `handle_request'
puma (6.4.3) lib/puma/server.rb:464:in `process_client'
puma (6.4.3) lib/puma/server.rb:245:in `block in run'
puma (6.4.3) lib/puma/thread_pool.rb:155:in `block in spawn_thread'
Started GET "/favicon.ico" for ::1 at 2024-10-22 21:36:28 +0300
  [1m[36mActiveRecord::SchemaMigration Load (0.2ms)[0m  [1m[34mSELECT "schema_migrations"."version" FROM "schema_migrations" ORDER BY "schema_migrations"."version" ASC[0m
  
ActiveRecord::PendingMigrationError (

Migrations are pending. To resolve this issue, run:

        bin/rails db:migrate

You have 4 pending migrations:

db/migrate/20241018183006_adb_divravsell.rb
db/migrate/20241019151119_adb_division_ref_to_students.rb
db/migrate/20241021142115_create_divisions.rb
db/migrate/20241021145256_create_subjects.rb


):
  
activerecord (7.2.1) lib/active_record/migration.rb:756:in `check_pending_migrations'
activerecord (7.2.1) lib/active_record/migration.rb:663:in `block (2 levels) in call'
activesupport (7.2.1) lib/active_support/file_update_checker.rb:85:in `execute'
activerecord (7.2.1) lib/active_record/migration.rb:668:in `block in call'
activerecord (7.2.1) lib/active_record/migration.rb:660:in `synchronize'
activerecord (7.2.1) lib/active_record/migration.rb:660:in `call'
actionpack (7.2.1) lib/action_dispatch/middleware/callbacks.rb:31:in `block in call'
activesupport (7.2.1) lib/active_support/callbacks.rb:101:in `run_callbacks'
actionpack (7.2.1) lib/action_dispatch/middleware/callbacks.rb:30:in `call'
actionpack (7.2.1) lib/action_dispatch/middleware/executor.rb:16:in `call'
actionpack (7.2.1) lib/action_dispatch/middleware/actionable_exceptions.rb:18:in `call'
actionpack (7.2.1) lib/action_dispatch/middleware/debug_exceptions.rb:31:in `call'
web-console (4.2.1) lib/web_console/middleware.rb:132:in `call_app'
web-console (4.2.1) lib/web_console/middleware.rb:28:in `block in call'
web-console (4.2.1) lib/web_console/middleware.rb:17:in `catch'
web-console (4.2.1) lib/web_console/middleware.rb:17:in `call'
actionpack (7.2.1) lib/action_dispatch/middleware/show_exceptions.rb:32:in `call'
railties (7.2.1) lib/rails/rack/logger.rb:41:in `call_app'
railties (7.2.1) lib/rails/rack/logger.rb:29:in `call'
sprockets-rails (3.5.2) lib/sprockets/rails/quiet_assets.rb:17:in `call'
actionpack (7.2.1) lib/action_dispatch/middleware/remote_ip.rb:96:in `call'
actionpack (7.2.1) lib/action_dispatch/middleware/request_id.rb:33:in `call'
rack (3.1.7) lib/rack/method_override.rb:28:in `call'
rack (3.1.7) lib/rack/runtime.rb:24:in `call'
activesupport (7.2.1) lib/active_support/cache/strategy/local_cache_middleware.rb:29:in `call'
actionpack (7.2.1) lib/action_dispatch/middleware/server_timing.rb:61:in `block in call'
actionpack (7.2.1) lib/action_dispatch/middleware/server_timing.rb:26:in `collect_events'
actionpack (7.2.1) lib/action_dispatch/middleware/server_timing.rb:60:in `call'
actionpack (7.2.1) lib/action_dispatch/middleware/executor.rb:16:in `call'
actionpack (7.2.1) lib/action_dispatch/middleware/static.rb:27:in `call'
rack (3.1.7) lib/rack/sendfile.rb:114:in `call'
actionpack (7.2.1) lib/action_dispatch/middleware/host_authorization.rb:143:in `call'
railties (7.2.1) lib/rails/engine.rb:535:in `call'
puma (6.4.3) lib/puma/configuration.rb:272:in `call'
puma (6.4.3) lib/puma/request.rb:100:in `block in handle_request'
puma (6.4.3) lib/puma/thread_pool.rb:378:in `with_force_shutdown'
puma (6.4.3) lib/puma/request.rb:99:in `handle_request'
puma (6.4.3) lib/puma/server.rb:464:in `process_client'
puma (6.4.3) lib/puma/server.rb:245:in `block in run'
puma (6.4.3) lib/puma/thread_pool.rb:155:in `block in spawn_thread'
Started GET "/" for ::1 at 2024-10-22 21:36:36 +0300
  [1m[36mActiveRecord::SchemaMigration Load (0.1ms)[0m  [1m[34mSELECT "schema_migrations"."version" FROM "schema_migrations" ORDER BY "schema_migrations"."version" ASC[0m
  
ActiveRecord::PendingMigrationError (

Migrations are pending. To resolve this issue, run:

        bin/rails db:migrate

You have 4 pending migrations:

db/migrate/20241018183006_adb_divravsell.rb
db/migrate/20241019151119_adb_division_ref_to_students.rb
db/migrate/20241021142115_create_divisions.rb
db/migrate/20241021145256_create_subjects.rb


):
  
activerecord (7.2.1) lib/active_record/migration.rb:756:in `check_pending_migrations'
activerecord (7.2.1) lib/active_record/migration.rb:663:in `block (2 levels) in call'
activesupport (7.2.1) lib/active_support/file_update_checker.rb:85:in `execute'
activerecord (7.2.1) lib/active_record/migration.rb:668:in `block in call'
activerecord (7.2.1) lib/active_record/migration.rb:660:in `synchronize'
activerecord (7.2.1) lib/active_record/migration.rb:660:in `call'
actionpack (7.2.1) lib/action_dispatch/middleware/callbacks.rb:31:in `block in call'
activesupport (7.2.1) lib/active_support/callbacks.rb:101:in `run_callbacks'
actionpack (7.2.1) lib/action_dispatch/middleware/callbacks.rb:30:in `call'
actionpack (7.2.1) lib/action_dispatch/middleware/executor.rb:16:in `call'
actionpack (7.2.1) lib/action_dispatch/middleware/actionable_exceptions.rb:18:in `call'
actionpack (7.2.1) lib/action_dispatch/middleware/debug_exceptions.rb:31:in `call'
web-console (4.2.1) lib/web_console/middleware.rb:132:in `call_app'
web-console (4.2.1) lib/web_console/middleware.rb:28:in `block in call'
web-console (4.2.1) lib/web_console/middleware.rb:17:in `catch'
web-console (4.2.1) lib/web_console/middleware.rb:17:in `call'
actionpack (7.2.1) lib/action_dispatch/middleware/show_exceptions.rb:32:in `call'
railties (7.2.1) lib/rails/rack/logger.rb:41:in `call_app'
railties (7.2.1) lib/rails/rack/logger.rb:29:in `call'
sprockets-rails (3.5.2) lib/sprockets/rails/quiet_assets.rb:17:in `call'
actionpack (7.2.1) lib/action_dispatch/middleware/remote_ip.rb:96:in `call'
actionpack (7.2.1) lib/action_dispatch/middleware/request_id.rb:33:in `call'
rack (3.1.7) lib/rack/method_override.rb:28:in `call'
rack (3.1.7) lib/rack/runtime.rb:24:in `call'
activesupport (7.2.1) lib/active_support/cache/strategy/local_cache_middleware.rb:29:in `call'
actionpack (7.2.1) lib/action_dispatch/middleware/server_timing.rb:61:in `block in call'
actionpack (7.2.1) lib/action_dispatch/middleware/server_timing.rb:26:in `collect_events'
actionpack (7.2.1) lib/action_dispatch/middleware/server_timing.rb:60:in `call'
actionpack (7.2.1) lib/action_dispatch/middleware/executor.rb:16:in `call'
actionpack (7.2.1) lib/action_dispatch/middleware/static.rb:27:in `call'
rack (3.1.7) lib/rack/sendfile.rb:114:in `call'
actionpack (7.2.1) lib/action_dispatch/middleware/host_authorization.rb:143:in `call'
railties (7.2.1) lib/rails/engine.rb:535:in `call'
puma (6.4.3) lib/puma/configuration.rb:272:in `call'
puma (6.4.3) lib/puma/request.rb:100:in `block in handle_request'
puma (6.4.3) lib/puma/thread_pool.rb:378:in `with_force_shutdown'
puma (6.4.3) lib/puma/request.rb:99:in `handle_request'
puma (6.4.3) lib/puma/server.rb:464:in `process_client'
puma (6.4.3) lib/puma/server.rb:245:in `block in run'
puma (6.4.3) lib/puma/thread_pool.rb:155:in `block in spawn_thread'
Started GET "/" for ::1 at 2024-10-22 21:36:36 +0300
  [1m[36mActiveRecord::SchemaMigration Load (0.7ms)[0m  [1m[34mSELECT "schema_migrations"."version" FROM "schema_migrations" ORDER BY "schema_migrations"."version" ASC[0m
  
ActiveRecord::PendingMigrationError (

Migrations are pending. To resolve this issue, run:

        bin/rails db:migrate

You have 4 pending migrations:

db/migrate/20241018183006_adb_divravsell.rb
db/migrate/20241019151119_adb_division_ref_to_students.rb
db/migrate/20241021142115_create_divisions.rb
db/migrate/20241021145256_create_subjects.rb


):
  
activerecord (7.2.1) lib/active_record/migration.rb:756:in `check_pending_migrations'
activerecord (7.2.1) lib/active_record/migration.rb:663:in `block (2 levels) in call'
activesupport (7.2.1) lib/active_support/file_update_checker.rb:85:in `execute'
activerecord (7.2.1) lib/active_record/migration.rb:668:in `block in call'
activerecord (7.2.1) lib/active_record/migration.rb:660:in `synchronize'
activerecord (7.2.1) lib/active_record/migration.rb:660:in `call'
actionpack (7.2.1) lib/action_dispatch/middleware/callbacks.rb:31:in `block in call'
activesupport (7.2.1) lib/active_support/callbacks.rb:101:in `run_callbacks'
actionpack (7.2.1) lib/action_dispatch/middleware/callbacks.rb:30:in `call'
actionpack (7.2.1) lib/action_dispatch/middleware/executor.rb:16:in `call'
actionpack (7.2.1) lib/action_dispatch/middleware/actionable_exceptions.rb:18:in `call'
actionpack (7.2.1) lib/action_dispatch/middleware/debug_exceptions.rb:31:in `call'
web-console (4.2.1) lib/web_console/middleware.rb:132:in `call_app'
web-console (4.2.1) lib/web_console/middleware.rb:28:in `block in call'
web-console (4.2.1) lib/web_console/middleware.rb:17:in `catch'
web-console (4.2.1) lib/web_console/middleware.rb:17:in `call'
actionpack (7.2.1) lib/action_dispatch/middleware/show_exceptions.rb:32:in `call'
railties (7.2.1) lib/rails/rack/logger.rb:41:in `call_app'
railties (7.2.1) lib/rails/rack/logger.rb:29:in `call'
sprockets-rails (3.5.2) lib/sprockets/rails/quiet_assets.rb:17:in `call'
actionpack (7.2.1) lib/action_dispatch/middleware/remote_ip.rb:96:in `call'
actionpack (7.2.1) lib/action_dispatch/middleware/request_id.rb:33:in `call'
rack (3.1.7) lib/rack/method_override.rb:28:in `call'
rack (3.1.7) lib/rack/runtime.rb:24:in `call'
activesupport (7.2.1) lib/active_support/cache/strategy/local_cache_middleware.rb:29:in `call'
actionpack (7.2.1) lib/action_dispatch/middleware/server_timing.rb:61:in `block in call'
actionpack (7.2.1) lib/action_dispatch/middleware/server_timing.rb:26:in `collect_events'
actionpack (7.2.1) lib/action_dispatch/middleware/server_timing.rb:60:in `call'
actionpack (7.2.1) lib/action_dispatch/middleware/executor.rb:16:in `call'
actionpack (7.2.1) lib/action_dispatch/middleware/static.rb:27:in `call'
rack (3.1.7) lib/rack/sendfile.rb:114:in `call'
actionpack (7.2.1) lib/action_dispatch/middleware/host_authorization.rb:143:in `call'
railties (7.2.1) lib/rails/engine.rb:535:in `call'
puma (6.4.3) lib/puma/configuration.rb:272:in `call'
puma (6.4.3) lib/puma/request.rb:100:in `block in handle_request'
puma (6.4.3) lib/puma/thread_pool.rb:378:in `with_force_shutdown'
puma (6.4.3) lib/puma/request.rb:99:in `handle_request'
puma (6.4.3) lib/puma/server.rb:464:in `process_client'
puma (6.4.3) lib/puma/server.rb:245:in `block in run'
puma (6.4.3) lib/puma/thread_pool.rb:155:in `block in spawn_thread'
Started GET "/favicon.ico" for ::1 at 2024-10-22 21:36:37 +0300
  [1m[36mActiveRecord::SchemaMigration Load (0.2ms)[0m  [1m[34mSELECT "schema_migrations"."version" FROM "schema_migrations" ORDER BY "schema_migrations"."version" ASC[0m
  
ActiveRecord::PendingMigrationError (

Migrations are pending. To resolve this issue, run:

        bin/rails db:migrate

You have 4 pending migrations:

db/migrate/20241018183006_adb_divravsell.rb
db/migrate/20241019151119_adb_division_ref_to_students.rb
db/migrate/20241021142115_create_divisions.rb
db/migrate/20241021145256_create_subjects.rb


):
  
activerecord (7.2.1) lib/active_record/migration.rb:756:in `check_pending_migrations'
activerecord (7.2.1) lib/active_record/migration.rb:663:in `block (2 levels) in call'
activesupport (7.2.1) lib/active_support/file_update_checker.rb:85:in `execute'
activerecord (7.2.1) lib/active_record/migration.rb:668:in `block in call'
activerecord (7.2.1) lib/active_record/migration.rb:660:in `synchronize'
activerecord (7.2.1) lib/active_record/migration.rb:660:in `call'
actionpack (7.2.1) lib/action_dispatch/middleware/callbacks.rb:31:in `block in call'
activesupport (7.2.1) lib/active_support/callbacks.rb:101:in `run_callbacks'
actionpack (7.2.1) lib/action_dispatch/middleware/callbacks.rb:30:in `call'
actionpack (7.2.1) lib/action_dispatch/middleware/executor.rb:16:in `call'
actionpack (7.2.1) lib/action_dispatch/middleware/actionable_exceptions.rb:18:in `call'
actionpack (7.2.1) lib/action_dispatch/middleware/debug_exceptions.rb:31:in `call'
web-console (4.2.1) lib/web_console/middleware.rb:132:in `call_app'
web-console (4.2.1) lib/web_console/middleware.rb:28:in `block in call'
web-console (4.2.1) lib/web_console/middleware.rb:17:in `catch'
web-console (4.2.1) lib/web_console/middleware.rb:17:in `call'
actionpack (7.2.1) lib/action_dispatch/middleware/show_exceptions.rb:32:in `call'
railties (7.2.1) lib/rails/rack/logger.rb:41:in `call_app'
railties (7.2.1) lib/rails/rack/logger.rb:29:in `call'
sprockets-rails (3.5.2) lib/sprockets/rails/quiet_assets.rb:17:in `call'
actionpack (7.2.1) lib/action_dispatch/middleware/remote_ip.rb:96:in `call'
actionpack (7.2.1) lib/action_dispatch/middleware/request_id.rb:33:in `call'
rack (3.1.7) lib/rack/method_override.rb:28:in `call'
rack (3.1.7) lib/rack/runtime.rb:24:in `call'
activesupport (7.2.1) lib/active_support/cache/strategy/local_cache_middleware.rb:29:in `call'
actionpack (7.2.1) lib/action_dispatch/middleware/server_timing.rb:61:in `block in call'
actionpack (7.2.1) lib/action_dispatch/middleware/server_timing.rb:26:in `collect_events'
actionpack (7.2.1) lib/action_dispatch/middleware/server_timing.rb:60:in `call'
actionpack (7.2.1) lib/action_dispatch/middleware/executor.rb:16:in `call'
actionpack (7.2.1) lib/action_dispatch/middleware/static.rb:27:in `call'
rack (3.1.7) lib/rack/sendfile.rb:114:in `call'
actionpack (7.2.1) lib/action_dispatch/middleware/host_authorization.rb:143:in `call'
railties (7.2.1) lib/rails/engine.rb:535:in `call'
puma (6.4.3) lib/puma/configuration.rb:272:in `call'
puma (6.4.3) lib/puma/request.rb:100:in `block in handle_request'
puma (6.4.3) lib/puma/thread_pool.rb:378:in `with_force_shutdown'
puma (6.4.3) lib/puma/request.rb:99:in `handle_request'
puma (6.4.3) lib/puma/server.rb:464:in `process_client'
puma (6.4.3) lib/puma/server.rb:245:in `block in run'
puma (6.4.3) lib/puma/thread_pool.rb:155:in `block in spawn_thread'
Started GET "/" for ::1 at 2024-10-22 21:36:41 +0300
  [1m[36mActiveRecord::SchemaMigration Load (0.1ms)[0m  [1m[34mSELECT "schema_migrations"."version" FROM "schema_migrations" ORDER BY "schema_migrations"."version" ASC[0m
  
ActiveRecord::PendingMigrationError (

Migrations are pending. To resolve this issue, run:

        bin/rails db:migrate

You have 4 pending migrations:

db/migrate/20241018183006_adb_divravsell.rb
db/migrate/20241019151119_adb_division_ref_to_students.rb
db/migrate/20241021142115_create_divisions.rb
db/migrate/20241021145256_create_subjects.rb


):
  
activerecord (7.2.1) lib/active_record/migration.rb:756:in `check_pending_migrations'
activerecord (7.2.1) lib/active_record/migration.rb:663:in `block (2 levels) in call'
activesupport (7.2.1) lib/active_support/file_update_checker.rb:85:in `execute'
activerecord (7.2.1) lib/active_record/migration.rb:668:in `block in call'
activerecord (7.2.1) lib/active_record/migration.rb:660:in `synchronize'
activerecord (7.2.1) lib/active_record/migration.rb:660:in `call'
actionpack (7.2.1) lib/action_dispatch/middleware/callbacks.rb:31:in `block in call'
activesupport (7.2.1) lib/active_support/callbacks.rb:101:in `run_callbacks'
actionpack (7.2.1) lib/action_dispatch/middleware/callbacks.rb:30:in `call'
actionpack (7.2.1) lib/action_dispatch/middleware/executor.rb:16:in `call'
actionpack (7.2.1) lib/action_dispatch/middleware/actionable_exceptions.rb:18:in `call'
actionpack (7.2.1) lib/action_dispatch/middleware/debug_exceptions.rb:31:in `call'
web-console (4.2.1) lib/web_console/middleware.rb:132:in `call_app'
web-console (4.2.1) lib/web_console/middleware.rb:28:in `block in call'
web-console (4.2.1) lib/web_console/middleware.rb:17:in `catch'
web-console (4.2.1) lib/web_console/middleware.rb:17:in `call'
actionpack (7.2.1) lib/action_dispatch/middleware/show_exceptions.rb:32:in `call'
railties (7.2.1) lib/rails/rack/logger.rb:41:in `call_app'
railties (7.2.1) lib/rails/rack/logger.rb:29:in `call'
sprockets-rails (3.5.2) lib/sprockets/rails/quiet_assets.rb:17:in `call'
actionpack (7.2.1) lib/action_dispatch/middleware/remote_ip.rb:96:in `call'
actionpack (7.2.1) lib/action_dispatch/middleware/request_id.rb:33:in `call'
rack (3.1.7) lib/rack/method_override.rb:28:in `call'
rack (3.1.7) lib/rack/runtime.rb:24:in `call'
activesupport (7.2.1) lib/active_support/cache/strategy/local_cache_middleware.rb:29:in `call'
actionpack (7.2.1) lib/action_dispatch/middleware/server_timing.rb:61:in `block in call'
actionpack (7.2.1) lib/action_dispatch/middleware/server_timing.rb:26:in `collect_events'
actionpack (7.2.1) lib/action_dispatch/middleware/server_timing.rb:60:in `call'
actionpack (7.2.1) lib/action_dispatch/middleware/executor.rb:16:in `call'
actionpack (7.2.1) lib/action_dispatch/middleware/static.rb:27:in `call'
rack (3.1.7) lib/rack/sendfile.rb:114:in `call'
actionpack (7.2.1) lib/action_dispatch/middleware/host_authorization.rb:143:in `call'
railties (7.2.1) lib/rails/engine.rb:535:in `call'
puma (6.4.3) lib/puma/configuration.rb:272:in `call'
puma (6.4.3) lib/puma/request.rb:100:in `block in handle_request'
puma (6.4.3) lib/puma/thread_pool.rb:378:in `with_force_shutdown'
puma (6.4.3) lib/puma/request.rb:99:in `handle_request'
puma (6.4.3) lib/puma/server.rb:464:in `process_client'
puma (6.4.3) lib/puma/server.rb:245:in `block in run'
puma (6.4.3) lib/puma/thread_pool.rb:155:in `block in spawn_thread'
Started GET "/favicon.ico" for ::1 at 2024-10-22 21:36:43 +0300
  [1m[36mActiveRecord::SchemaMigration Load (0.2ms)[0m  [1m[34mSELECT "schema_migrations"."version" FROM "schema_migrations" ORDER BY "schema_migrations"."version" ASC[0m
  
ActiveRecord::PendingMigrationError (

Migrations are pending. To resolve this issue, run:

        bin/rails db:migrate

You have 4 pending migrations:

db/migrate/20241018183006_adb_divravsell.rb
db/migrate/20241019151119_adb_division_ref_to_students.rb
db/migrate/20241021142115_create_divisions.rb
db/migrate/20241021145256_create_subjects.rb


):
  
activerecord (7.2.1) lib/active_record/migration.rb:756:in `check_pending_migrations'
activerecord (7.2.1) lib/active_record/migration.rb:663:in `block (2 levels) in call'
activesupport (7.2.1) lib/active_support/file_update_checker.rb:85:in `execute'
activerecord (7.2.1) lib/active_record/migration.rb:668:in `block in call'
activerecord (7.2.1) lib/active_record/migration.rb:660:in `synchronize'
activerecord (7.2.1) lib/active_record/migration.rb:660:in `call'
actionpack (7.2.1) lib/action_dispatch/middleware/callbacks.rb:31:in `block in call'
activesupport (7.2.1) lib/active_support/callbacks.rb:101:in `run_callbacks'
actionpack (7.2.1) lib/action_dispatch/middleware/callbacks.rb:30:in `call'
actionpack (7.2.1) lib/action_dispatch/middleware/executor.rb:16:in `call'
actionpack (7.2.1) lib/action_dispatch/middleware/actionable_exceptions.rb:18:in `call'
actionpack (7.2.1) lib/action_dispatch/middleware/debug_exceptions.rb:31:in `call'
web-console (4.2.1) lib/web_console/middleware.rb:132:in `call_app'
web-console (4.2.1) lib/web_console/middleware.rb:28:in `block in call'
web-console (4.2.1) lib/web_console/middleware.rb:17:in `catch'
web-console (4.2.1) lib/web_console/middleware.rb:17:in `call'
actionpack (7.2.1) lib/action_dispatch/middleware/show_exceptions.rb:32:in `call'
railties (7.2.1) lib/rails/rack/logger.rb:41:in `call_app'
railties (7.2.1) lib/rails/rack/logger.rb:29:in `call'
sprockets-rails (3.5.2) lib/sprockets/rails/quiet_assets.rb:17:in `call'
actionpack (7.2.1) lib/action_dispatch/middleware/remote_ip.rb:96:in `call'
actionpack (7.2.1) lib/action_dispatch/middleware/request_id.rb:33:in `call'
rack (3.1.7) lib/rack/method_override.rb:28:in `call'
rack (3.1.7) lib/rack/runtime.rb:24:in `call'
activesupport (7.2.1) lib/active_support/cache/strategy/local_cache_middleware.rb:29:in `call'
actionpack (7.2.1) lib/action_dispatch/middleware/server_timing.rb:61:in `block in call'
actionpack (7.2.1) lib/action_dispatch/middleware/server_timing.rb:26:in `collect_events'
actionpack (7.2.1) lib/action_dispatch/middleware/server_timing.rb:60:in `call'
actionpack (7.2.1) lib/action_dispatch/middleware/executor.rb:16:in `call'
actionpack (7.2.1) lib/action_dispatch/middleware/static.rb:27:in `call'
rack (3.1.7) lib/rack/sendfile.rb:114:in `call'
actionpack (7.2.1) lib/action_dispatch/middleware/host_authorization.rb:143:in `call'
railties (7.2.1) lib/rails/engine.rb:535:in `call'
puma (6.4.3) lib/puma/configuration.rb:272:in `call'
puma (6.4.3) lib/puma/request.rb:100:in `block in handle_request'
puma (6.4.3) lib/puma/thread_pool.rb:378:in `with_force_shutdown'
puma (6.4.3) lib/puma/request.rb:99:in `handle_request'
puma (6.4.3) lib/puma/server.rb:464:in `process_client'
puma (6.4.3) lib/puma/server.rb:245:in `block in run'
puma (6.4.3) lib/puma/thread_pool.rb:155:in `block in spawn_thread'
  [1m[36mActiveRecord::InternalMetadata Load (4.3ms)[0m  [1m[34mSELECT * FROM "ar_internal_metadata" WHERE "ar_internal_metadata"."key" = ? ORDER BY "ar_internal_metadata"."key" ASC LIMIT 1[0m  [[nil, "environment"]]
  [1m[36mActiveRecord::SchemaMigration Load (0.2ms)[0m  [1m[34mSELECT "schema_migrations"."version" FROM "schema_migrations" ORDER BY "schema_migrations"."version" ASC[0m
Migrating to AdbDivravsell (20241018183006)
  [1m[36mActiveRecord::InternalMetadata Load (1.0ms)[0m  [1m[34mSELECT * FROM "ar_internal_metadata" WHERE "ar_internal_metadata"."key" = ? ORDER BY "ar_internal_metadata"."key" ASC LIMIT 1[0m  [[nil, "environment"]]
  [1m[36mActiveRecord::SchemaMigration Load (0.1ms)[0m  [1m[34mSELECT "schema_migrations"."version" FROM "schema_migrations" ORDER BY "schema_migrations"."version" ASC[0m
Migrating to AdbDivravsell (20241018183006)
  [1m[36mTRANSACTION (0.1ms)[0m  [1m[36mbegin transaction[0m
  [1m[35m (0.0ms)[0m  [1m[35mPRAGMA foreign_keys[0m
  [1m[35m (0.1ms)[0m  [1m[35mPRAGMA defer_foreign_keys[0m
  [1m[35m (0.0ms)[0m  [1m[35mPRAGMA defer_foreign_keys = ON[0m
  [1m[35m (0.0ms)[0m  [1m[35mPRAGMA foreign_keys = OFF[0m
  [1m[35m (0.4ms)[0m  [1m[35mCREATE TEMPORARY TABLE "astudents" ("id" integer PRIMARY KEY AUTOINCREMENT NOT NULL, "name" text, "student_number" integer, "created_at" datetime(6) NOT NULL, "updated_at" datetime(6) NOT NULL)[0m
  [1m[35m (1.4ms)[0m  [1m[32mINSERT INTO "astudents" ("id","name","student_number","created_at","updated_at")
                     SELECT "id","name","student_number","created_at","updated_at" FROM "students"[0m
  [1m[35m (0.7ms)[0m  [1m[35mDROP TABLE "students"[0m
  [1m[35m (0.2ms)[0m  [1m[35mPRAGMA defer_foreign_keys = 0[0m
  [1m[35m (0.1ms)[0m  [1m[35mPRAGMA foreign_keys = 1[0m
  [1m[36mTRANSACTION (0.1ms)[0m  [1m[31mrollback transaction[0m
  [1m[36mActiveRecord::InternalMetadata Load (1.2ms)[0m  [1m[34mSELECT * FROM "ar_internal_metadata" WHERE "ar_internal_metadata"."key" = ? ORDER BY "ar_internal_metadata"."key" ASC LIMIT 1[0m  [[nil, "environment"]]
  [1m[36mActiveRecord::SchemaMigration Load (0.1ms)[0m  [1m[34mSELECT "schema_migrations"."version" FROM "schema_migrations" ORDER BY "schema_migrations"."version" ASC[0m
  [1m[36mActiveRecord::SchemaMigration Load (0.1ms)[0m  [1m[34mSELECT "schema_migrations"."version" FROM "schema_migrations" ORDER BY "schema_migrations"."version" ASC[0m
Started GET "/favicon.ico" for ::1 at 2024-10-22 21:46:25 +0300
Started GET "/name" for ::1 at 2024-10-22 21:46:25 +0300
Started GET "/" for ::1 at 2024-10-22 21:46:25 +0300
  [1m[36mActiveRecord::SchemaMigration Load (0.9ms)[0m  [1m[34mSELECT "schema_migrations"."version" FROM "schema_migrations" ORDER BY "schema_migrations"."version" ASC[0m
  
ActionController::RoutingError (No route matches [GET] "/favicon.ico"):
  
Processing by HomeController#index as HTML
Processing by HomeController#get_name as HTML
  Rendering text template
  Rendered text template (Duration: 1.2ms | GC: 0.0ms)
Completed 200 OK in 369ms (Views: 18.4ms | ActiveRecord: 0.0ms (0 queries, 0 cached) | GC: 26.2ms)


Started GET "/favicon.ico" for ::1 at 2024-10-22 21:46:27 +0300
  Rendering layout layouts/application.html.erb
  Rendering home/get_name.html.erb within layouts/application
  Rendered home/get_name.html.erb within layouts/application (Duration: 4.4ms | GC: 0.0ms)
  
ActionController::RoutingError (No route matches [GET] "/favicon.ico"):
  
  Rendered layout layouts/application.html.erb (Duration: 3928.2ms | GC: 88.7ms)
Completed 200 OK in 6203ms (Views: 4309.1ms | ActiveRecord: 0.0ms (0 queries, 0 cached) | GC: 114.8ms)


Started GET "/data" for ::1 at 2024-10-28 14:58:58 +0300
  [1m[36mActiveRecord::SchemaMigration Load (1.2ms)[0m  [1m[34mSELECT "schema_migrations"."version" FROM "schema_migrations" ORDER BY "schema_migrations"."version" ASC[0m
  
ActionController::RoutingError (No route matches [GET] "/data"):
  
Started GET "/favicon.ico" for ::1 at 2024-10-28 14:59:01 +0300
  
ActionController::RoutingError (No route matches [GET] "/favicon.ico"):
  
Started GET "/rails/info/routes?query=date" for ::1 at 2024-10-28 14:59:15 +0300
Processing by Rails::InfoController#routes as */*
  Parameters: {"query"=>"date"}
Completed 200 OK in 396ms (Views: 8.0ms | ActiveRecord: 0.0ms (0 queries, 0 cached) | GC: 0.0ms)


Started GET "/data" for ::1 at 2024-10-28 15:01:33 +0300
  
ActionController::RoutingError (uninitialized constant DataController):

Causes:
ActionDispatch::MissingController (uninitialized constant DataController)
NameError (uninitialized constant DataController)
  
Started GET "/data" for ::1 at 2024-10-28 15:03:30 +0300
  [1m[36mActiveRecord::SchemaMigration Load (1.0ms)[0m  [1m[34mSELECT "schema_migrations"."version" FROM "schema_migrations" ORDER BY "schema_migrations"."version" ASC[0m
  
SyntaxError (/Users/musa/Desktop/Desktop/myapp/app/controllers/application_controller.rb:4: syntax error, unexpected end-of-input, expecting `end' or dummy end):
  
app/controllers/application_controller.rb:4: syntax error, unexpected end-of-input, expecting `end' or dummy end
app/controllers/data_controller.rb:1:in `<main>'
Started GET "/data" for ::1 at 2024-10-28 15:04:52 +0300
Processing by DataController#index as HTML
  Rendering layout layouts/application.html.erb
  Rendering data/index.html.erb within layouts/application
  Rendered data/index.html.erb within layouts/application (Duration: 0.7ms | GC: 0.0ms)
  Rendered layout layouts/application.html.erb (Duration: 239.9ms | GC: 18.1ms)
Completed 200 OK in 316ms (Views: 243.6ms | ActiveRecord: 0.0ms (0 queries, 0 cached) | GC: 25.3ms)


Started GET "/manifest.json" for ::1 at 2024-10-28 15:04:54 +0300
Processing by Rails::PwaController#manifest as JSON
  Rendering pwa/manifest.json.erb
  Rendered pwa/manifest.json.erb (Duration: 0.8ms | GC: 0.0ms)
Completed 200 OK in 5ms (Views: 3.9ms | ActiveRecord: 0.0ms (0 queries, 0 cached) | GC: 0.0ms)


Started GET "/data" for ::1 at 2024-10-28 15:17:20 +0300
Processing by DataController#index as HTML
  Rendering layout layouts/application.html.erb
  Rendering data/index.html.erb within layouts/application
  Rendered data/index.html.erb within layouts/application (Duration: 2.6ms | GC: 0.0ms)
  Rendered layout layouts/application.html.erb (Duration: 3.1ms | GC: 0.0ms)
Completed 500 Internal Server Error in 16ms (ActiveRecord: 0.0ms (0 queries, 0 cached) | GC: 0.0ms)


  
ActionView::SyntaxErrorInTemplate (Encountered a syntax error while rendering template: check <%= from_with url : "/seerch" , date:{turbo:false }, methed :post do |from| %>
    <%= form.label :query, "serch"%>
    <%= form.text_fied :query%>
    <%= form.submit "ARa"%>

<%end %>
):

Causes:
ActiveSupport::SyntaxErrorProxy (/Users/musa/Desktop/Desktop/myapp/app/views/data/index.html.erb:1: syntax error, unexpected ':', expecting `end' or dummy end
...buffer.append=  from_with url : "/seerch" , date:{turbo:fals...
...                              ^
/Users/musa/Desktop/Desktop/myapp/app/views/data/index.html.erb:8: syntax error, unexpected `end'
          end
          ^~~
)
1:    <%= from_with url : "/seerch" , date:{turbo:false }, methed :post do |from| %>
2:        <%= form.label :query, "serch"%>
3:        <%= form.text_fied :query%>
4:        <%= form.submit "ARa"%>
5:    
6:    <%end %>
  
app/views/data/index.html.erb:1: syntax error, unexpected ':', expecting `end' or dummy end
app/views/data/index.html.erb:8: syntax error, unexpected `end'
Started GET "/data" for ::1 at 2024-10-28 15:17:21 +0300
Processing by DataController#index as HTML
  Rendering layout layouts/application.html.erb
  Rendering data/index.html.erb within layouts/application
  Rendered data/index.html.erb within layouts/application (Duration: 1.1ms | GC: 0.0ms)
  Rendered layout layouts/application.html.erb (Duration: 1.5ms | GC: 0.0ms)
Completed 500 Internal Server Error in 3ms (ActiveRecord: 0.0ms (0 queries, 0 cached) | GC: 0.0ms)


  
ActionView::SyntaxErrorInTemplate (Encountered a syntax error while rendering template: check <%= from_with url : "/seerch" , date:{turbo:false }, methed :post do |from| %>
    <%= form.label :query, "serch"%>
    <%= form.text_fied :query%>
    <%= form.submit "ARa"%>

<%end %>
):

Causes:
ActiveSupport::SyntaxErrorProxy (/Users/musa/Desktop/Desktop/myapp/app/views/data/index.html.erb:1: syntax error, unexpected ':', expecting `end' or dummy end
...buffer.append=  from_with url : "/seerch" , date:{turbo:fals...
...                              ^
/Users/musa/Desktop/Desktop/myapp/app/views/data/index.html.erb:8: syntax error, unexpected `end'
          end
          ^~~
)
1:    <%= from_with url : "/seerch" , date:{turbo:false }, methed :post do |from| %>
2:        <%= form.label :query, "serch"%>
3:        <%= form.text_fied :query%>
4:        <%= form.submit "ARa"%>
5:    
6:    <%end %>
  
app/views/data/index.html.erb:1: syntax error, unexpected ':', expecting `end' or dummy end
app/views/data/index.html.erb:8: syntax error, unexpected `end'
Started GET "/data" for ::1 at 2024-10-28 15:19:29 +0300
Processing by DataController#index as HTML
  Rendering layout layouts/application.html.erb
  Rendering data/index.html.erb within layouts/application
  Rendered data/index.html.erb within layouts/application (Duration: 2.2ms | GC: 0.0ms)
  Rendered layout layouts/application.html.erb (Duration: 2.8ms | GC: 0.0ms)
Completed 500 Internal Server Error in 14ms (ActiveRecord: 0.0ms (0 queries, 0 cached) | GC: 0.0ms)


  
ActionView::SyntaxErrorInTemplate (Encountered a syntax error while rendering template: check <%= form_with url : "/seerch" , date:{turbo:false }, methed :post do |from| %>
    <%= form.label :query, "serch"%>
    <%= form.text_fied :query%>
    <%= form.submit "ARa"%>

<%end %>
):

Causes:
ActiveSupport::SyntaxErrorProxy (/Users/musa/Desktop/Desktop/myapp/app/views/data/index.html.erb:1: syntax error, unexpected ':', expecting `end' or dummy end
...buffer.append=  form_with url : "/seerch" , date:{turbo:fals...
...                              ^
/Users/musa/Desktop/Desktop/myapp/app/views/data/index.html.erb:8: syntax error, unexpected `end'
          end
          ^~~
)
1:    <%= form_with url : "/seerch" , date:{turbo:false }, methed :post do |from| %>
2:        <%= form.label :query, "serch"%>
3:        <%= form.text_fied :query%>
4:        <%= form.submit "ARa"%>
5:    
6:    <%end %>
  
app/views/data/index.html.erb:1: syntax error, unexpected ':', expecting `end' or dummy end
app/views/data/index.html.erb:8: syntax error, unexpected `end'
Started GET "/data" for ::1 at 2024-10-28 15:20:24 +0300
Processing by DataController#index as HTML
  Rendering layout layouts/application.html.erb
  Rendering data/index.html.erb within layouts/application
  Rendered data/index.html.erb within layouts/application (Duration: 2.3ms | GC: 0.0ms)
  Rendered layout layouts/application.html.erb (Duration: 2.8ms | GC: 0.0ms)
Completed 500 Internal Server Error in 14ms (ActiveRecord: 0.0ms (0 queries, 0 cached) | GC: 0.0ms)


  
ActionView::SyntaxErrorInTemplate (Encountered a syntax error while rendering template: check <%= form_with url : "/seerch" , date:{turbo:false }, methed :post do |from| %>
    <%= form.label :query, "serch"%>
    <%= form.text_fied :query%>
    <%= form.submit "ARa"%>

<%end %>
):

Causes:
ActiveSupport::SyntaxErrorProxy (/Users/musa/Desktop/Desktop/myapp/app/views/data/index.html.erb:1: syntax error, unexpected ':', expecting `end' or dummy end
...buffer.append=  form_with url : "/seerch" , date:{turbo:fals...
...                              ^
/Users/musa/Desktop/Desktop/myapp/app/views/data/index.html.erb:8: syntax error, unexpected `end'
          end
          ^~~
)
1:    <%= form_with url : "/seerch" , date:{turbo:false }, methed :post do |from| %>
2:        <%= form.label :query, "serch"%>
3:        <%= form.text_fied :query%>
4:        <%= form.submit "ARa"%>
5:    
6:    <%end %>
  
app/views/data/index.html.erb:1: syntax error, unexpected ':', expecting `end' or dummy end
app/views/data/index.html.erb:8: syntax error, unexpected `end'
Started GET "/data" for ::1 at 2024-10-28 15:20:44 +0300
Processing by DataController#index as HTML
  Rendering layout layouts/application.html.erb
  Rendering data/index.html.erb within layouts/application
  Rendered data/index.html.erb within layouts/application (Duration: 1.8ms | GC: 0.0ms)
  Rendered layout layouts/application.html.erb (Duration: 2.5ms | GC: 0.0ms)
Completed 500 Internal Server Error in 4ms (ActiveRecord: 0.0ms (0 queries, 0 cached) | GC: 0.0ms)


  
ActionView::SyntaxErrorInTemplate (Encountered a syntax error while rendering template: check <%= form_with url : "/seerch" , date:{turbo:false }, methed :post do |from| %>
    <%= form.label :query, "serch"%>
    <%= form.text_fied :query%>
    <%= form.submit "ARa"%>

<%end %>
):

Causes:
ActiveSupport::SyntaxErrorProxy (/Users/musa/Desktop/Desktop/myapp/app/views/data/index.html.erb:1: syntax error, unexpected ':', expecting `end' or dummy end
...buffer.append=  form_with url : "/seerch" , date:{turbo:fals...
...                              ^
/Users/musa/Desktop/Desktop/myapp/app/views/data/index.html.erb:8: syntax error, unexpected `end'
          end
          ^~~
)
1:    <%= form_with url : "/seerch" , date:{turbo:false }, methed :post do |from| %>
2:        <%= form.label :query, "serch"%>
3:        <%= form.text_fied :query%>
4:        <%= form.submit "ARa"%>
5:    
6:    <%end %>
  
app/views/data/index.html.erb:1: syntax error, unexpected ':', expecting `end' or dummy end
app/views/data/index.html.erb:8: syntax error, unexpected `end'
Started GET "/data" for ::1 at 2024-10-28 15:21:43 +0300
Processing by DataController#index as HTML
  Rendering layout layouts/application.html.erb
  Rendering data/index.html.erb within layouts/application
  Rendered data/index.html.erb within layouts/application (Duration: 2.0ms | GC: 0.0ms)
  Rendered layout layouts/application.html.erb (Duration: 2.5ms | GC: 0.0ms)
Completed 500 Internal Server Error in 7ms (ActiveRecord: 0.0ms (0 queries, 0 cached) | GC: 0.0ms)


  
ActionView::SyntaxErrorInTemplate (Encountered a syntax error while rendering template: check <%= form_with url : "/seerch" , date:{turbo:false }, methed :post do |from| %>
    <%= form.label :query, "serch:"%>
    <%= form.text_field :query%>
    <%= form.submit "ARa"%>

<%end %>
):

Causes:
ActiveSupport::SyntaxErrorProxy (/Users/musa/Desktop/Desktop/myapp/app/views/data/index.html.erb:1: syntax error, unexpected ':', expecting `end' or dummy end
...buffer.append=  form_with url : "/seerch" , date:{turbo:fals...
...                              ^
/Users/musa/Desktop/Desktop/myapp/app/views/data/index.html.erb:8: syntax error, unexpected `end'
          end
          ^~~
)
1:    <%= form_with url : "/seerch" , date:{turbo:false }, methed :post do |from| %>
2:        <%= form.label :query, "serch:"%>
3:        <%= form.text_field :query%>
4:        <%= form.submit "ARa"%>
5:    
6:    <%end %>
  
app/views/data/index.html.erb:1: syntax error, unexpected ':', expecting `end' or dummy end
app/views/data/index.html.erb:8: syntax error, unexpected `end'
Started GET "/data" for ::1 at 2024-10-28 15:23:47 +0300
Processing by DataController#index as HTML
  Rendering layout layouts/application.html.erb
  Rendering data/index.html.erb within layouts/application
  Rendered data/index.html.erb within layouts/application (Duration: 3.0ms | GC: 0.0ms)
  Rendered layout layouts/application.html.erb (Duration: 3.6ms | GC: 0.0ms)
Completed 500 Internal Server Error in 30ms (ActiveRecord: 0.0ms (0 queries, 0 cached) | GC: 0.0ms)


  
ActionView::SyntaxErrorInTemplate (Encountered a syntax error while rendering template: check <%= form_with url : "/search" , data: {turbo:false }, method :post do |form| %>
    <%= form.label :query, "serch:"%>
    <%= form.text_field :query%>
    <%= form.submit "ARa"%>

<%end %>
):

Causes:
ActiveSupport::SyntaxErrorProxy (/Users/musa/Desktop/Desktop/myapp/app/views/data/index.html.erb:1: syntax error, unexpected ':', expecting `end' or dummy end
...buffer.append=  form_with url : "/search" , data: {turbo:fal...
...                              ^
/Users/musa/Desktop/Desktop/myapp/app/views/data/index.html.erb:8: syntax error, unexpected `end'
          end
          ^~~
)
1:    <%= form_with url : "/search" , data: {turbo:false }, method :post do |form| %>
2:        <%= form.label :query, "serch:"%>
3:        <%= form.text_field :query%>
4:        <%= form.submit "ARa"%>
5:    
6:    <%end %>
  
app/views/data/index.html.erb:1: syntax error, unexpected ':', expecting `end' or dummy end
app/views/data/index.html.erb:8: syntax error, unexpected `end'
Started GET "/data" for ::1 at 2024-10-28 15:24:51 +0300
Processing by DataController#index as HTML
  Rendering layout layouts/application.html.erb
  Rendering data/index.html.erb within layouts/application
  Rendered data/index.html.erb within layouts/application (Duration: 2.5ms | GC: 0.0ms)
  Rendered layout layouts/application.html.erb (Duration: 3.2ms | GC: 0.0ms)
Completed 500 Internal Server Error in 12ms (ActiveRecord: 0.0ms (0 queries, 0 cached) | GC: 0.7ms)


  
ActionView::SyntaxErrorInTemplate (Encountered a syntax error while rendering template: check <%= form_with url: "/search" , data: {turbo:false }, method :post do |form| %>
    <%= form.label :query, "serch:"%>
    <%= form.text_field :query%>
    <%= form.submit "ARa"%>

<%end %>
):

Causes:
ActiveSupport::SyntaxErrorProxy (/Users/musa/Desktop/Desktop/myapp/app/views/data/index.html.erb:1: syntax error, unexpected symbol literal, expecting `do' or '{' or '('
... data: {turbo:false }, method :post do |form| ; @output_buff...
...                              ^
/Users/musa/Desktop/Desktop/myapp/app/views/data/index.html.erb:8: syntax error, unexpected `end'
          end
          ^~~
)
1:    <%= form_with url: "/search" , data: {turbo:false }, method :post do |form| %>
2:        <%= form.label :query, "serch:"%>
3:        <%= form.text_field :query%>
4:        <%= form.submit "ARa"%>
5:    
6:    <%end %>
  
app/views/data/index.html.erb:1: syntax error, unexpected symbol literal, expecting `do' or '{' or '('
app/views/data/index.html.erb:8: syntax error, unexpected `end'
Started GET "/data" for ::1 at 2024-10-28 15:26:20 +0300
Processing by DataController#index as HTML
  Rendering layout layouts/application.html.erb
  Rendering data/index.html.erb within layouts/application
  Rendered data/index.html.erb within layouts/application (Duration: 1171.6ms | GC: 0.0ms)
  Rendered layout layouts/application.html.erb (Duration: 3533.9ms | GC: 0.0ms)
Completed 200 OK in 3547ms (Views: 3540.1ms | ActiveRecord: 0.0ms (0 queries, 0 cached) | GC: 0.0ms)


Started GET "/manifest.json" for ::1 at 2024-10-28 15:26:48 +0300
Processing by Rails::PwaController#manifest as JSON
  Rendering pwa/manifest.json.erb
  Rendered pwa/manifest.json.erb (Duration: 15.7ms | GC: 0.0ms)
Completed 200 OK in 71ms (Views: 42.1ms | ActiveRecord: 0.0ms (0 queries, 0 cached) | GC: 0.0ms)


Started GET "/manifest.json" for ::1 at 2024-10-28 15:36:42 +0300
Processing by Rails::PwaController#manifest as JSON
  Rendering pwa/manifest.json.erb
  Rendered pwa/manifest.json.erb (Duration: 1.1ms | GC: 0.0ms)
Completed 200 OK in 21ms (Views: 10.5ms | ActiveRecord: 0.0ms (0 queries, 0 cached) | GC: 0.0ms)


Started GET "/data" for ::1 at 2024-10-28 15:46:25 +0300
  
SyntaxError (/Users/musa/Desktop/Desktop/myapp/config/routes.rb:20: syntax error, unexpected local variable or method, expecting `end' or dummy end
  post "/search" to:, "data#search"
                 ^~
):
  
config/routes.rb:20: syntax error, unexpected local variable or method, expecting `end' or dummy end
Started GET "/data" for ::1 at 2024-10-28 15:46:28 +0300
  
ActionController::RoutingError (No route matches [GET] "/data"):
  
Started GET "/data" for ::1 at 2024-10-28 15:47:05 +0300
  
SyntaxError (/Users/musa/Desktop/Desktop/myapp/config/routes.rb:20: syntax error, unexpected local variable or method, expecting `end' or dummy end
  post "/search" to:, "data#search"
                 ^~
):
  
config/routes.rb:20: syntax error, unexpected local variable or method, expecting `end' or dummy end
Started GET "/data" for ::1 at 2024-10-28 15:47:22 +0300
Processing by DataController#index as HTML
  Rendering layout layouts/application.html.erb
  Rendering data/index.html.erb within layouts/application
  Rendered data/index.html.erb within layouts/application (Duration: 3.6ms | GC: 0.0ms)
  Rendered layout layouts/application.html.erb (Duration: 37.3ms | GC: 0.1ms)
Completed 200 OK in 43ms (Views: 40.3ms | ActiveRecord: 0.0ms (0 queries, 0 cached) | GC: 0.6ms)


Started GET "/manifest.json" for ::1 at 2024-10-28 15:47:23 +0300
Processing by Rails::PwaController#manifest as JSON
  Rendering pwa/manifest.json.erb
  Rendered pwa/manifest.json.erb (Duration: 1.6ms | GC: 0.0ms)
Completed 200 OK in 14ms (Views: 9.4ms | ActiveRecord: 0.0ms (0 queries, 0 cached) | GC: 0.0ms)


Started POST "/search" for ::1 at 2024-10-28 15:48:01 +0300
Processing by DataController#search as HTML
  Parameters: {"authenticity_token"=>"[FILTERED]", "query"=>"hot", "commit"=>"Ara"}
  Rendering text template
  Rendered text template (Duration: 0.2ms | GC: 0.0ms)
Completed 200 OK in 7ms (Views: 4.2ms | ActiveRecord: 0.0ms (0 queries, 0 cached) | GC: 0.0ms)


Started GET "/say_welcome/msua" for ::1 at 2024-10-28 16:57:47 +0300
  
ActionController::RoutingError (No route matches [GET] "/say_welcome/msua"):
  
Started GET "/say-welcome/msua" for ::1 at 2024-10-28 16:58:05 +0300
  
ActionController::RoutingError (No route matches [GET] "/say-welcome/msua"):
  
Started GET "/say-welcome/msua" for ::1 at 2024-10-28 16:59:43 +0300
  
ActionController::RoutingError (No route matches [GET] "/say-welcome/msua"):
  
Started GET "/say-welcome/msua" for ::1 at 2024-10-28 16:59:44 +0300
  
ActionController::RoutingError (No route matches [GET] "/say-welcome/msua"):
  
Started PUT "/__web_console/repl_sessions/4e8e25203885f4251416f653a290b4b9" for ::1 at 2024-10-28 16:59:47 +0300
Started GET "/say-welcome/msua" for ::1 at 2024-10-28 17:00:57 +0300
  
SyntaxError (/Users/musa/Desktop/Desktop/myapp/app/controllers/data_controller.rb:9: syntax error, unexpected ':', expecting `end' or dummy end
    render plain : "Welcome #{params[:name]}"
                 ^
):
  
app/controllers/data_controller.rb:9: syntax error, unexpected ':', expecting `end' or dummy end
Started GET "/say-welcome/msua" for ::1 at 2024-10-28 17:01:25 +0300
Processing by DataController#say_welcome as HTML
  Parameters: {"name"=>"msua"}
  Rendering text template
  Rendered text template (Duration: 0.2ms | GC: 0.0ms)
Completed 200 OK in 3ms (Views: 1.4ms | ActiveRecord: 0.0ms (0 queries, 0 cached) | GC: 0.0ms)


Started GET "/say-welcome/msua" for ::1 at 2024-10-28 17:23:43 +0300
  
NoMethodError (undefined method `after_acion' for class DataController):
  
app/controllers/data_controller.rb:3:in `<class:DataController>'
app/controllers/data_controller.rb:1:in `<main>'
Started GET "/say-welcome/msua" for ::1 at 2024-10-28 17:24:56 +0300
Processing by DataController#say_welcome as HTML
  Parameters: {"name"=>"msua"}
  Rendering text template
  Rendered text template (Duration: 0.2ms | GC: 0.0ms)
Completed 200 OK in 3ms (Views: 1.6ms | ActiveRecord: 0.0ms (0 queries, 0 cached) | GC: 0.0ms)


Started GET "/" for ::1 at 2024-10-28 18:04:52 +0300
  
SyntaxError (/Users/musa/Desktop/Desktop/myapp/app/controllers/home_controller.rb:13: syntax error, unexpected end-of-input, expecting `end' or dummy end
endasdf current ruby
                    ^
):
  
app/controllers/home_controller.rb:13: syntax error, unexpected end-of-input, expecting `end' or dummy end
Started GET "/disiplay" for ::1 at 2024-10-28 18:05:03 +0300
  
ActionController::RoutingError (No route matches [GET] "/disiplay"):
  
Started GET "/display" for ::1 at 2024-10-28 18:05:15 +0300
Processing by DataController#display as HTML
  [1m[36mUser Load (3.0ms)[0m  [1m[34mSELECT "users".* FROM "users" WHERE "users"."id" = ? LIMIT ?[0m  [["id", 1], ["LIMIT", 1]]
  ↳ app/controllers/data_controller.rb:14:in `display'
  Rendering layout layouts/application.html.erb
  Rendering data/display.html.erb within layouts/application
  Rendered data/display.html.erb within layouts/application (Duration: 8.8ms | GC: 4.8ms)
  Rendered layout layouts/application.html.erb (Duration: 490.6ms | GC: 14.4ms)
Completed 200 OK in 671ms (Views: 494.0ms | ActiveRecord: 16.6ms (1 query, 0 cached) | GC: 14.4ms)


Started GET "/manifest.json" for ::1 at 2024-10-28 18:05:17 +0300
Processing by Rails::PwaController#manifest as JSON
  Rendering pwa/manifest.json.erb
  Rendered pwa/manifest.json.erb (Duration: 0.8ms | GC: 0.0ms)
Completed 200 OK in 5ms (Views: 3.9ms | ActiveRecord: 0.0ms (0 queries, 0 cached) | GC: 0.0ms)


Started GET "/display" for ::1 at 2024-11-11 11:22:50 +0300
  [1m[36mActiveRecord::SchemaMigration Load (2.7ms)[0m  [1m[34mSELECT "schema_migrations"."version" FROM "schema_migrations" ORDER BY "schema_migrations"."version" ASC[0m
  
SyntaxError (/Users/musa/Desktop/Desktop/myapp/app/controllers/data_controller.rb:25: syntax error, unexpected end-of-input, expecting `end' or dummy end):
  
app/controllers/data_controller.rb:25: syntax error, unexpected end-of-input, expecting `end' or dummy end
Started GET "/display" for ::1 at 2024-11-11 11:22:52 +0300
  
SyntaxError (/Users/musa/Desktop/Desktop/myapp/app/controllers/data_controller.rb:25: syntax error, unexpected end-of-input, expecting `end' or dummy end):
  
app/controllers/data_controller.rb:25: syntax error, unexpected end-of-input, expecting `end' or dummy end
Started GET "/favicon.ico" for ::1 at 2024-11-11 11:22:54 +0300
  
ActionController::RoutingError (No route matches [GET] "/favicon.ico"):
  
Started GET "/display" for ::1 at 2024-11-11 11:24:35 +0300
Processing by DataController#display as HTML
  [1m[36mUser Load (506.6ms)[0m  [1m[34mSELECT "users".* FROM "users" WHERE "users"."id" = ? LIMIT ?[0m  [["id", 1], ["LIMIT", 1]]
  ↳ app/controllers/data_controller.rb:14:in `display'
  Rendering layout layouts/application.html.erb
  Rendering data/display.html.erb within layouts/application
  Rendered data/display.html.erb within layouts/application (Duration: 2.2ms | GC: 0.0ms)
  Rendered layout layouts/application.html.erb (Duration: 7.5ms | GC: 0.0ms)
Completed 500 Internal Server Error in 5676ms (ActiveRecord: 858.1ms (1 query, 0 cached) | GC: 2.9ms)


  
ActionView::Template::Error (Missing partial partials/_table with {:locale=>[:en], :formats=>[:html], :variants=>[], :handlers=>[:raw, :erb, :html, :builder, :ruby, :jbuilder]}.

Searched in:
  * "/Users/musa/Desktop/Desktop/myapp/app/views"
  * "/Users/musa/.asdf/installs/ruby/3.3.5/lib/ruby/gems/3.3.0/gems/turbo-rails-2.0.10/app/views"
  * "/Users/musa/.asdf/installs/ruby/3.3.5/lib/ruby/gems/3.3.0/gems/actiontext-7.2.1/app/views"
  * "/Users/musa/.asdf/installs/ruby/3.3.5/lib/ruby/gems/3.3.0/gems/actionmailbox-7.2.1/app/views"
):

Causes:
ActionView::MissingTemplate (Missing partial partials/_table with {:locale=>[:en], :formats=>[:html], :variants=>[], :handlers=>[:raw, :erb, :html, :builder, :ruby, :jbuilder]}.

Searched in:
  * "/Users/musa/Desktop/Desktop/myapp/app/views"
  * "/Users/musa/.asdf/installs/ruby/3.3.5/lib/ruby/gems/3.3.0/gems/turbo-rails-2.0.10/app/views"
  * "/Users/musa/.asdf/installs/ruby/3.3.5/lib/ruby/gems/3.3.0/gems/actiontext-7.2.1/app/views"
  * "/Users/musa/.asdf/installs/ruby/3.3.5/lib/ruby/gems/3.3.0/gems/actionmailbox-7.2.1/app/views"
)
    13: 
    14: <hr />
    15: 
    16: <%= render partial: "partials/table" , locals: {title:"Cedvel kismi"} %> 
  
app/views/data/display.html.erb:16
Started GET "/display" for ::1 at 2024-11-11 11:25:57 +0300
Processing by DataController#display as HTML
  [1m[36mUser Load (0.3ms)[0m  [1m[34mSELECT "users".* FROM "users" WHERE "users"."id" = ? LIMIT ?[0m  [["id", 1], ["LIMIT", 1]]
  ↳ app/controllers/data_controller.rb:14:in `display'
  Rendering layout layouts/application.html.erb
  Rendering data/display.html.erb within layouts/application
  Rendered data/display.html.erb within layouts/application (Duration: 1.3ms | GC: 0.0ms)
  Rendered layout layouts/application.html.erb (Duration: 368.3ms | GC: 0.0ms)
Completed 500 Internal Server Error in 6332ms (ActiveRecord: 0.3ms (1 query, 0 cached) | GC: 0.0ms)


  
ActionView::Template::Error (Missing partial partials/_table with {:locale=>[:en], :formats=>[:html], :variants=>[], :handlers=>[:raw, :erb, :html, :builder, :ruby, :jbuilder]}.

Searched in:
  * "/Users/musa/Desktop/Desktop/myapp/app/views"
  * "/Users/musa/.asdf/installs/ruby/3.3.5/lib/ruby/gems/3.3.0/gems/turbo-rails-2.0.10/app/views"
  * "/Users/musa/.asdf/installs/ruby/3.3.5/lib/ruby/gems/3.3.0/gems/actiontext-7.2.1/app/views"
  * "/Users/musa/.asdf/installs/ruby/3.3.5/lib/ruby/gems/3.3.0/gems/actionmailbox-7.2.1/app/views"
):

Causes:
ActionView::MissingTemplate (Missing partial partials/_table with {:locale=>[:en], :formats=>[:html], :variants=>[], :handlers=>[:raw, :erb, :html, :builder, :ruby, :jbuilder]}.

Searched in:
  * "/Users/musa/Desktop/Desktop/myapp/app/views"
  * "/Users/musa/.asdf/installs/ruby/3.3.5/lib/ruby/gems/3.3.0/gems/turbo-rails-2.0.10/app/views"
  * "/Users/musa/.asdf/installs/ruby/3.3.5/lib/ruby/gems/3.3.0/gems/actiontext-7.2.1/app/views"
  * "/Users/musa/.asdf/installs/ruby/3.3.5/lib/ruby/gems/3.3.0/gems/actionmailbox-7.2.1/app/views"
)
    13: 
    14: <hr />
    15: 
    16: <%= render partial: "partials/table" , locals: {title:"Cedvel kismi"} %> 
  
app/views/data/display.html.erb:16
Started GET "/display" for ::1 at 2024-11-11 11:27:06 +0300
Processing by DataController#display as HTML
  [1m[36mUser Load (0.3ms)[0m  [1m[34mSELECT "users".* FROM "users" WHERE "users"."id" = ? LIMIT ?[0m  [["id", 1], ["LIMIT", 1]]
  ↳ app/controllers/data_controller.rb:14:in `display'
  Rendering layout layouts/application.html.erb
  Rendering data/display.html.erb within layouts/application
  Rendered data/display.html.erb within layouts/application (Duration: 1.1ms | GC: 0.0ms)
  Rendered layout layouts/application.html.erb (Duration: 1.4ms | GC: 0.0ms)
Completed 500 Internal Server Error in 23ms (ActiveRecord: 3.5ms (1 query, 0 cached) | GC: 0.6ms)


  
ActionView::Template::Error (undefined method `Render' for an instance of #<Class:0x000000011f801220>):

Causes:
NoMethodError (undefined method `Render' for an instance of #<Class:0x000000011f801220>)
    13: 
    14: <hr />
    15: 
    16: <%= Render partial: "partials/table" , locals: {title:"Cedvel kismi"} %> 
  
app/views/data/display.html.erb:16
Started GET "/display" for ::1 at 2024-11-11 11:27:45 +0300
Processing by DataController#display as HTML
  [1m[36mUser Load (0.2ms)[0m  [1m[34mSELECT "users".* FROM "users" WHERE "users"."id" = ? LIMIT ?[0m  [["id", 1], ["LIMIT", 1]]
  ↳ app/controllers/data_controller.rb:14:in `display'
  Rendering layout layouts/application.html.erb
  Rendering data/display.html.erb within layouts/application
  Rendered data/display.html.erb within layouts/application (Duration: 2.5ms | GC: 0.5ms)
  Rendered layout layouts/application.html.erb (Duration: 2.9ms | GC: 0.5ms)
Completed 500 Internal Server Error in 28ms (ActiveRecord: 2.1ms (1 query, 0 cached) | GC: 1.5ms)


  
ActionView::Template::Error (Missing partial partials/_table with {:locale=>[:en], :formats=>[:html], :variants=>[], :handlers=>[:raw, :erb, :html, :builder, :ruby, :jbuilder]}.

Searched in:
  * "/Users/musa/Desktop/Desktop/myapp/app/views"
  * "/Users/musa/.asdf/installs/ruby/3.3.5/lib/ruby/gems/3.3.0/gems/turbo-rails-2.0.10/app/views"
  * "/Users/musa/.asdf/installs/ruby/3.3.5/lib/ruby/gems/3.3.0/gems/actiontext-7.2.1/app/views"
  * "/Users/musa/.asdf/installs/ruby/3.3.5/lib/ruby/gems/3.3.0/gems/actionmailbox-7.2.1/app/views"
):

Causes:
ActionView::MissingTemplate (Missing partial partials/_table with {:locale=>[:en], :formats=>[:html], :variants=>[], :handlers=>[:raw, :erb, :html, :builder, :ruby, :jbuilder]}.

Searched in:
  * "/Users/musa/Desktop/Desktop/myapp/app/views"
  * "/Users/musa/.asdf/installs/ruby/3.3.5/lib/ruby/gems/3.3.0/gems/turbo-rails-2.0.10/app/views"
  * "/Users/musa/.asdf/installs/ruby/3.3.5/lib/ruby/gems/3.3.0/gems/actiontext-7.2.1/app/views"
  * "/Users/musa/.asdf/installs/ruby/3.3.5/lib/ruby/gems/3.3.0/gems/actionmailbox-7.2.1/app/views"
)
    13: 
    14: <hr />
    15: 
    16: <%= render partial: "partials/table", locals: { title: "Cedvel kismi" } %>
  
app/views/data/display.html.erb:16
Started GET "/display" for ::1 at 2024-11-11 11:30:20 +0300
Processing by DataController#display as HTML
  [1m[36mUser Load (0.2ms)[0m  [1m[34mSELECT "users".* FROM "users" WHERE "users"."id" = ? LIMIT ?[0m  [["id", 1], ["LIMIT", 1]]
  ↳ app/controllers/data_controller.rb:14:in `display'
  Rendering layout layouts/application.html.erb
  Rendering data/display.html.erb within layouts/application
  Rendered data/display.html.erb within layouts/application (Duration: 3.0ms | GC: 0.0ms)
  Rendered layout layouts/application.html.erb (Duration: 3.7ms | GC: 0.0ms)
Completed 500 Internal Server Error in 65ms (ActiveRecord: 3.7ms (1 query, 0 cached) | GC: 1.2ms)


  
ActionView::Template::Error (Missing partial partials/_table with {:locale=>[:en], :formats=>[:html], :variants=>[], :handlers=>[:raw, :erb, :html, :builder, :ruby, :jbuilder]}.

Searched in:
  * "/Users/musa/Desktop/Desktop/myapp/app/views"
  * "/Users/musa/.asdf/installs/ruby/3.3.5/lib/ruby/gems/3.3.0/gems/turbo-rails-2.0.10/app/views"
  * "/Users/musa/.asdf/installs/ruby/3.3.5/lib/ruby/gems/3.3.0/gems/actiontext-7.2.1/app/views"
  * "/Users/musa/.asdf/installs/ruby/3.3.5/lib/ruby/gems/3.3.0/gems/actionmailbox-7.2.1/app/views"
):

Causes:
ActionView::MissingTemplate (Missing partial partials/_table with {:locale=>[:en], :formats=>[:html], :variants=>[], :handlers=>[:raw, :erb, :html, :builder, :ruby, :jbuilder]}.

Searched in:
  * "/Users/musa/Desktop/Desktop/myapp/app/views"
  * "/Users/musa/.asdf/installs/ruby/3.3.5/lib/ruby/gems/3.3.0/gems/turbo-rails-2.0.10/app/views"
  * "/Users/musa/.asdf/installs/ruby/3.3.5/lib/ruby/gems/3.3.0/gems/actiontext-7.2.1/app/views"
  * "/Users/musa/.asdf/installs/ruby/3.3.5/lib/ruby/gems/3.3.0/gems/actionmailbox-7.2.1/app/views"
)
    13: 
    14: <hr />
    15: 
    16: <%= render partial: "partials/table", locals: { title: "Cedvel kismi" } %>
  
app/views/data/display.html.erb:16
Started GET "/display" for ::1 at 2024-11-11 11:30:42 +0300
Processing by DataController#display as HTML
  [1m[36mUser Load (0.3ms)[0m  [1m[34mSELECT "users".* FROM "users" WHERE "users"."id" = ? LIMIT ?[0m  [["id", 1], ["LIMIT", 1]]
  ↳ app/controllers/data_controller.rb:14:in `display'
  Rendering layout layouts/application.html.erb
  Rendering data/display.html.erb within layouts/application
  Rendered data/display.html.erb within layouts/application (Duration: 2.6ms | GC: 0.0ms)
  Rendered layout layouts/application.html.erb (Duration: 3.1ms | GC: 0.0ms)
Completed 500 Internal Server Error in 211ms (ActiveRecord: 2.9ms (1 query, 0 cached) | GC: 0.0ms)


  
ActionView::Template::Error (Missing partial partials/_table with {:locale=>[:en], :formats=>[:html], :variants=>[], :handlers=>[:raw, :erb, :html, :builder, :ruby, :jbuilder]}.

Searched in:
  * "/Users/musa/Desktop/Desktop/myapp/app/views"
  * "/Users/musa/.asdf/installs/ruby/3.3.5/lib/ruby/gems/3.3.0/gems/turbo-rails-2.0.10/app/views"
  * "/Users/musa/.asdf/installs/ruby/3.3.5/lib/ruby/gems/3.3.0/gems/actiontext-7.2.1/app/views"
  * "/Users/musa/.asdf/installs/ruby/3.3.5/lib/ruby/gems/3.3.0/gems/actionmailbox-7.2.1/app/views"
):

Causes:
ActionView::MissingTemplate (Missing partial partials/_table with {:locale=>[:en], :formats=>[:html], :variants=>[], :handlers=>[:raw, :erb, :html, :builder, :ruby, :jbuilder]}.

Searched in:
  * "/Users/musa/Desktop/Desktop/myapp/app/views"
  * "/Users/musa/.asdf/installs/ruby/3.3.5/lib/ruby/gems/3.3.0/gems/turbo-rails-2.0.10/app/views"
  * "/Users/musa/.asdf/installs/ruby/3.3.5/lib/ruby/gems/3.3.0/gems/actiontext-7.2.1/app/views"
  * "/Users/musa/.asdf/installs/ruby/3.3.5/lib/ruby/gems/3.3.0/gems/actionmailbox-7.2.1/app/views"
)
    13: 
    14: <hr />
    15: 
    16: <%= render partial: "partials/table" , locals: {title:"Cedvel kismi"} %> 
  
app/views/data/display.html.erb:16
Started GET "/display" for ::1 at 2024-11-11 11:38:09 +0300
Processing by DataController#display as HTML
  [1m[36mUser Load (3.1ms)[0m  [1m[34mSELECT "users".* FROM "users" WHERE "users"."id" = ? LIMIT ?[0m  [["id", 1], ["LIMIT", 1]]
  ↳ app/controllers/data_controller.rb:14:in `display'
  Rendering layout layouts/application.html.erb
  Rendering data/display.html.erb within layouts/application
  Rendered data/display.html.erb within layouts/application (Duration: 2.0ms | GC: 0.0ms)
  Rendered layout layouts/application.html.erb (Duration: 2.5ms | GC: 0.0ms)
Completed 500 Internal Server Error in 30ms (ActiveRecord: 3.1ms (1 query, 0 cached) | GC: 2.7ms)


  
ActionView::Template::Error (Missing partial partials/_table with {:locale=>[:en], :formats=>[:html], :variants=>[], :handlers=>[:raw, :erb, :html, :builder, :ruby, :jbuilder]}.

Searched in:
  * "/Users/musa/Desktop/Desktop/myapp/app/views"
  * "/Users/musa/.asdf/installs/ruby/3.3.5/lib/ruby/gems/3.3.0/gems/turbo-rails-2.0.10/app/views"
  * "/Users/musa/.asdf/installs/ruby/3.3.5/lib/ruby/gems/3.3.0/gems/actiontext-7.2.1/app/views"
  * "/Users/musa/.asdf/installs/ruby/3.3.5/lib/ruby/gems/3.3.0/gems/actionmailbox-7.2.1/app/views"
):

Causes:
ActionView::MissingTemplate (Missing partial partials/_table with {:locale=>[:en], :formats=>[:html], :variants=>[], :handlers=>[:raw, :erb, :html, :builder, :ruby, :jbuilder]}.

Searched in:
  * "/Users/musa/Desktop/Desktop/myapp/app/views"
  * "/Users/musa/.asdf/installs/ruby/3.3.5/lib/ruby/gems/3.3.0/gems/turbo-rails-2.0.10/app/views"
  * "/Users/musa/.asdf/installs/ruby/3.3.5/lib/ruby/gems/3.3.0/gems/actiontext-7.2.1/app/views"
  * "/Users/musa/.asdf/installs/ruby/3.3.5/lib/ruby/gems/3.3.0/gems/actionmailbox-7.2.1/app/views"
)
    13: 
    14: <hr />
    15: 
    16: <%= render partial: "partials/table" , locals: {title:"Cedvel kismi"} %> 
  
app/views/data/display.html.erb:16
Started GET "/display" for ::1 at 2024-11-11 11:41:14 +0300
Processing by DataController#display as HTML
  [1m[36mUser Load (0.2ms)[0m  [1m[34mSELECT "users".* FROM "users" WHERE "users"."id" = ? LIMIT ?[0m  [["id", 1], ["LIMIT", 1]]
  ↳ app/controllers/data_controller.rb:14:in `display'
  Rendering layout layouts/application.html.erb
  Rendering data/display.html.erb within layouts/application
  Rendered data/display.html.erb within layouts/application (Duration: 2.4ms | GC: 0.0ms)
  Rendered layout layouts/application.html.erb (Duration: 3.1ms | GC: 0.0ms)
Completed 500 Internal Server Error in 28ms (ActiveRecord: 2.2ms (1 query, 0 cached) | GC: 0.0ms)


  
ActionView::Template::Error (Missing partial partials/_table with {:locale=>[:en], :formats=>[:html], :variants=>[], :handlers=>[:raw, :erb, :html, :builder, :ruby, :jbuilder]}.

Searched in:
  * "/Users/musa/Desktop/Desktop/myapp/app/views"
  * "/Users/musa/.asdf/installs/ruby/3.3.5/lib/ruby/gems/3.3.0/gems/turbo-rails-2.0.10/app/views"
  * "/Users/musa/.asdf/installs/ruby/3.3.5/lib/ruby/gems/3.3.0/gems/actiontext-7.2.1/app/views"
  * "/Users/musa/.asdf/installs/ruby/3.3.5/lib/ruby/gems/3.3.0/gems/actionmailbox-7.2.1/app/views"
):

Causes:
ActionView::MissingTemplate (Missing partial partials/_table with {:locale=>[:en], :formats=>[:html], :variants=>[], :handlers=>[:raw, :erb, :html, :builder, :ruby, :jbuilder]}.

Searched in:
  * "/Users/musa/Desktop/Desktop/myapp/app/views"
  * "/Users/musa/.asdf/installs/ruby/3.3.5/lib/ruby/gems/3.3.0/gems/turbo-rails-2.0.10/app/views"
  * "/Users/musa/.asdf/installs/ruby/3.3.5/lib/ruby/gems/3.3.0/gems/actiontext-7.2.1/app/views"
  * "/Users/musa/.asdf/installs/ruby/3.3.5/lib/ruby/gems/3.3.0/gems/actionmailbox-7.2.1/app/views"
)
    13: 
    14: <hr />
    15: 
    16: <%= render partial: "partials/table" %> 
  
app/views/data/display.html.erb:16
Started GET "/display" for ::1 at 2024-11-11 11:42:23 +0300
  [1m[36mActiveRecord::SchemaMigration Load (1.3ms)[0m  [1m[34mSELECT "schema_migrations"."version" FROM "schema_migrations" ORDER BY "schema_migrations"."version" ASC[0m
Processing by DataController#display as HTML
  [1m[36mUser Load (0.4ms)[0m  [1m[34mSELECT "users".* FROM "users" WHERE "users"."id" = ? LIMIT ?[0m  [["id", 1], ["LIMIT", 1]]
  ↳ app/controllers/data_controller.rb:14:in `display'
  Rendering layout layouts/application.html.erb
  Rendering data/display.html.erb within layouts/application
  Rendered data/display.html.erb within layouts/application (Duration: 5.4ms | GC: 0.8ms)
  Rendered layout layouts/application.html.erb (Duration: 5.8ms | GC: 0.8ms)
Completed 500 Internal Server Error in 362ms (ActiveRecord: 3.6ms (1 query, 0 cached) | GC: 24.3ms)


  
ActionView::Template::Error (Missing partial partials/_table with {:locale=>[:en], :formats=>[:html], :variants=>[], :handlers=>[:raw, :erb, :html, :builder, :ruby, :jbuilder]}.

Searched in:
  * "/Users/musa/Desktop/Desktop/myapp/app/views"
  * "/Users/musa/.asdf/installs/ruby/3.3.5/lib/ruby/gems/3.3.0/gems/turbo-rails-2.0.10/app/views"
  * "/Users/musa/.asdf/installs/ruby/3.3.5/lib/ruby/gems/3.3.0/gems/actiontext-7.2.1/app/views"
  * "/Users/musa/.asdf/installs/ruby/3.3.5/lib/ruby/gems/3.3.0/gems/actionmailbox-7.2.1/app/views"
):

Causes:
ActionView::MissingTemplate (Missing partial partials/_table with {:locale=>[:en], :formats=>[:html], :variants=>[], :handlers=>[:raw, :erb, :html, :builder, :ruby, :jbuilder]}.

Searched in:
  * "/Users/musa/Desktop/Desktop/myapp/app/views"
  * "/Users/musa/.asdf/installs/ruby/3.3.5/lib/ruby/gems/3.3.0/gems/turbo-rails-2.0.10/app/views"
  * "/Users/musa/.asdf/installs/ruby/3.3.5/lib/ruby/gems/3.3.0/gems/actiontext-7.2.1/app/views"
  * "/Users/musa/.asdf/installs/ruby/3.3.5/lib/ruby/gems/3.3.0/gems/actionmailbox-7.2.1/app/views"
)
    13: 
    14: <hr />
    15: 
    16: <%= render partial: "partials/table" %> 
  
app/views/data/display.html.erb:16
Started GET "/display" for ::1 at 2024-11-11 11:48:47 +0300
Processing by DataController#display as HTML
  [1m[36mUser Load (13.6ms)[0m  [1m[34mSELECT "users".* FROM "users" WHERE "users"."id" = ? LIMIT ?[0m  [["id", 1], ["LIMIT", 1]]
  ↳ app/controllers/data_controller.rb:14:in `display'
  Rendering layout layouts/application.html.erb
  Rendering data/display.html.erb within layouts/application
  [1m[36mDivision Load (1.3ms)[0m  [1m[34mSELECT "divisions".* FROM "divisions"[0m
  ↳ app/views/partials/_table.html.erb:2
  Rendered partials/_table.html.erb (Duration: 6.3ms | GC: 0.0ms)
  Rendered data/display.html.erb within layouts/application (Duration: 9.0ms | GC: 0.0ms)
  Rendered layout layouts/application.html.erb (Duration: 9.5ms | GC: 0.0ms)
Completed 500 Internal Server Error in 189ms (ActiveRecord: 14.6ms (2 queries, 0 cached) | GC: 3.4ms)


  
ActionView::Template::Error (SQLite3::SQLException: no such table: divisions):

Causes:
ActiveRecord::StatementInvalid (SQLite3::SQLException: no such table: divisions)
SQLite3::SQLException (no such table: divisions)
    1: 
    2: <% if @divisions.length > 0%>
    3: <h1>
    4:     <% title%>
    5: </h1>
  
Started GET "/display" for ::1 at 2024-11-11 11:50:28 +0300
Processing by DataController#display as HTML
  [1m[36mUser Load (0.2ms)[0m  [1m[34mSELECT "users".* FROM "users" WHERE "users"."id" = ? LIMIT ?[0m  [["id", 1], ["LIMIT", 1]]
  ↳ app/controllers/data_controller.rb:14:in `display'
  Rendering layout layouts/application.html.erb
  Rendering data/display.html.erb within layouts/application
  [1m[36mDivision Load (7.1ms)[0m  [1m[34mSELECT "divisions".* FROM "divisions"[0m
  ↳ app/views/partials/_table.html.erb:2
  Rendered partials/_table.html.erb (Duration: 13.3ms | GC: 8.9ms)
  Rendered data/display.html.erb within layouts/application (Duration: 16.3ms | GC: 9.5ms)
  Rendered layout layouts/application.html.erb (Duration: 16.8ms | GC: 9.5ms)
Completed 500 Internal Server Error in 56ms (ActiveRecord: 10.0ms (2 queries, 0 cached) | GC: 25.6ms)


  
ActionView::Template::Error (SQLite3::SQLException: no such table: divisions):

Causes:
ActiveRecord::StatementInvalid (SQLite3::SQLException: no such table: divisions)
SQLite3::SQLException (no such table: divisions)
    1: 
    2: <% if @divisions.length > 0%>
    3: <h1>
    4:     <% title%>
    5: </h1>
  
  [1m[36mActiveRecord::InternalMetadata Load (1.4ms)[0m  [1m[34mSELECT * FROM "ar_internal_metadata" WHERE "ar_internal_metadata"."key" = ? ORDER BY "ar_internal_metadata"."key" ASC LIMIT 1[0m  [[nil, "environment"]]
  [1m[36mActiveRecord::SchemaMigration Load (0.2ms)[0m  [1m[34mSELECT "schema_migrations"."version" FROM "schema_migrations" ORDER BY "schema_migrations"."version" ASC[0m
Migrating to CreateDivisions (20241111085411)
  [1m[36mTRANSACTION (0.1ms)[0m  [1m[36mbegin transaction[0m
  [1m[35m (23.9ms)[0m  [1m[35mCREATE TABLE "divisions" ("id" integer PRIMARY KEY AUTOINCREMENT NOT NULL, "created_at" datetime(6) NOT NULL, "updated_at" datetime(6) NOT NULL)[0m
  [1m[36mActiveRecord::SchemaMigration Create (0.7ms)[0m  [1m[32mINSERT INTO "schema_migrations" ("version") VALUES ('20241111085411') RETURNING "version"[0m
  [1m[36mTRANSACTION (1.6ms)[0m  [1m[36mcommit transaction[0m
  [1m[36mActiveRecord::SchemaMigration Load (0.1ms)[0m  [1m[34mSELECT "schema_migrations"."version" FROM "schema_migrations" ORDER BY "schema_migrations"."version" ASC[0m
Started GET "/display" for ::1 at 2024-11-11 11:54:57 +0300
  [1m[36mActiveRecord::SchemaMigration Load (0.8ms)[0m  [1m[34mSELECT "schema_migrations"."version" FROM "schema_migrations" ORDER BY "schema_migrations"."version" ASC[0m
Processing by DataController#display as HTML
  [1m[36mUser Load (2.3ms)[0m  [1m[34mSELECT "users".* FROM "users" WHERE "users"."id" = ? LIMIT ?[0m  [["id", 1], ["LIMIT", 1]]
  ↳ app/controllers/data_controller.rb:14:in `display'
  Rendering layout layouts/application.html.erb
  Rendering data/display.html.erb within layouts/application
  Rendered partials/_table.html.erb (Duration: 0.4ms | GC: 0.0ms)
  Rendered data/display.html.erb within layouts/application (Duration: 2.3ms | GC: 0.0ms)
  Rendered layout layouts/application.html.erb (Duration: 890.6ms | GC: 0.0ms)
Completed 200 OK in 989ms (Views: 899.6ms | ActiveRecord: 6.0ms (1 query, 0 cached) | GC: 0.0ms)


Started GET "/manifest.json" for ::1 at 2024-11-11 11:55:00 +0300
Processing by Rails::PwaController#manifest as JSON
  Rendering pwa/manifest.json.erb
  Rendered pwa/manifest.json.erb (Duration: 0.6ms | GC: 0.0ms)
Completed 200 OK in 11ms (Views: 3.5ms | ActiveRecord: 0.0ms (0 queries, 0 cached) | GC: 0.0ms)


Started GET "/display" for ::1 at 2024-11-11 11:55:18 +0300
Processing by DataController#display as HTML
  [1m[36mUser Load (0.1ms)[0m  [1m[34mSELECT "users".* FROM "users" WHERE "users"."id" = ? LIMIT ?[0m  [["id", 1], ["LIMIT", 1]]
  ↳ app/controllers/data_controller.rb:14:in `display'
  Rendering layout layouts/application.html.erb
  Rendering data/display.html.erb within layouts/application
  [1m[36mDivision Load (1.3ms)[0m  [1m[34mSELECT "divisions".* FROM "divisions"[0m
  ↳ app/views/partials/_table.html.erb:1
  Rendered partials/_table.html.erb (Duration: 3.3ms | GC: 0.0ms)
  Rendered data/display.html.erb within layouts/application (Duration: 4.6ms | GC: 0.0ms)
  Rendered layout layouts/application.html.erb (Duration: 51.0ms | GC: 0.0ms)
Completed 200 OK in 72ms (Views: 53.8ms | ActiveRecord: 3.5ms (2 queries, 0 cached) | GC: 0.5ms)


Started GET "/manifest.json" for ::1 at 2024-11-11 11:55:19 +0300
Processing by Rails::PwaController#manifest as JSON
  Rendering pwa/manifest.json.erb
  Rendered pwa/manifest.json.erb (Duration: 1.5ms | GC: 0.0ms)
Completed 200 OK in 132ms (Views: 131.2ms | ActiveRecord: 0.0ms (0 queries, 0 cached) | GC: 0.0ms)


Started GET "/display" for ::1 at 2024-11-11 11:55:33 +0300
Processing by DataController#display as HTML
  [1m[36mUser Load (0.2ms)[0m  [1m[34mSELECT "users".* FROM "users" WHERE "users"."id" = ? LIMIT ?[0m  [["id", 1], ["LIMIT", 1]]
  ↳ app/controllers/data_controller.rb:14:in `display'
  Rendering layout layouts/application.html.erb
  Rendering data/display.html.erb within layouts/application
  [1m[36mDivision Load (0.2ms)[0m  [1m[34mSELECT "divisions".* FROM "divisions"[0m
  ↳ app/views/partials/_table.html.erb:1
  Rendered partials/_table.html.erb (Duration: 1.7ms | GC: 0.0ms)
  Rendered data/display.html.erb within layouts/application (Duration: 2.8ms | GC: 0.0ms)
  Rendered layout layouts/application.html.erb (Duration: 27.9ms | GC: 0.8ms)
Completed 200 OK in 49ms (Views: 30.6ms | ActiveRecord: 2.1ms (2 queries, 0 cached) | GC: 1.1ms)


Started GET "/manifest.json" for ::1 at 2024-11-11 11:55:34 +0300
Processing by Rails::PwaController#manifest as JSON
  Rendering pwa/manifest.json.erb
  Rendered pwa/manifest.json.erb (Duration: 1.0ms | GC: 0.0ms)
Completed 200 OK in 70ms (Views: 69.7ms | ActiveRecord: 0.0ms (0 queries, 0 cached) | GC: 0.0ms)


Started GET "/display" for ::1 at 2024-11-11 11:55:36 +0300
Processing by DataController#display as HTML
  [1m[36mUser Load (0.1ms)[0m  [1m[34mSELECT "users".* FROM "users" WHERE "users"."id" = ? LIMIT ?[0m  [["id", 1], ["LIMIT", 1]]
  ↳ app/controllers/data_controller.rb:14:in `display'
  Rendering layout layouts/application.html.erb
  Rendering data/display.html.erb within layouts/application
  [1m[36mDivision Load (0.1ms)[0m  [1m[34mSELECT "divisions".* FROM "divisions"[0m
  ↳ app/views/partials/_table.html.erb:1
  Rendered partials/_table.html.erb (Duration: 1.3ms | GC: 0.0ms)
  Rendered data/display.html.erb within layouts/application (Duration: 1.7ms | GC: 0.0ms)
  Rendered layout layouts/application.html.erb (Duration: 7.8ms | GC: 0.0ms)
Completed 200 OK in 14ms (Views: 8.4ms | ActiveRecord: 0.2ms (2 queries, 0 cached) | GC: 0.0ms)


Started GET "/manifest.json" for ::1 at 2024-11-11 11:55:36 +0300
Processing by Rails::PwaController#manifest as JSON
  Rendering pwa/manifest.json.erb
  Rendered pwa/manifest.json.erb (Duration: 0.3ms | GC: 0.0ms)
Completed 200 OK in 2ms (Views: 0.9ms | ActiveRecord: 0.0ms (0 queries, 0 cached) | GC: 0.0ms)


Started GET "/display" for ::1 at 2024-11-11 11:55:38 +0300
Processing by DataController#display as HTML
  [1m[36mUser Load (0.1ms)[0m  [1m[34mSELECT "users".* FROM "users" WHERE "users"."id" = ? LIMIT ?[0m  [["id", 1], ["LIMIT", 1]]
  ↳ app/controllers/data_controller.rb:14:in `display'
  Rendering layout layouts/application.html.erb
  Rendering data/display.html.erb within layouts/application
  [1m[36mDivision Load (0.1ms)[0m  [1m[34mSELECT "divisions".* FROM "divisions"[0m
  ↳ app/views/partials/_table.html.erb:1
  Rendered partials/_table.html.erb (Duration: 1.3ms | GC: 0.0ms)
  Rendered data/display.html.erb within layouts/application (Duration: 1.9ms | GC: 0.0ms)
  Rendered layout layouts/application.html.erb (Duration: 5.2ms | GC: 0.0ms)
Completed 200 OK in 9ms (Views: 5.8ms | ActiveRecord: 0.2ms (2 queries, 0 cached) | GC: 0.0ms)


Started GET "/manifest.json" for ::1 at 2024-11-11 11:55:39 +0300
Processing by Rails::PwaController#manifest as JSON
  Rendering pwa/manifest.json.erb
  Rendered pwa/manifest.json.erb (Duration: 0.2ms | GC: 0.0ms)
Completed 200 OK in 2ms (Views: 0.7ms | ActiveRecord: 0.0ms (0 queries, 0 cached) | GC: 0.0ms)


Started GET "/display" for ::1 at 2024-11-11 11:55:44 +0300
Processing by DataController#display as HTML
  [1m[36mUser Load (0.2ms)[0m  [1m[34mSELECT "users".* FROM "users" WHERE "users"."id" = ? LIMIT ?[0m  [["id", 1], ["LIMIT", 1]]
  ↳ app/controllers/data_controller.rb:14:in `display'
  Rendering layout layouts/application.html.erb
  Rendering data/display.html.erb within layouts/application
  [1m[36mDivision Load (0.2ms)[0m  [1m[34mSELECT "divisions".* FROM "divisions"[0m
  ↳ app/views/partials/_table.html.erb:1
  Rendered partials/_table.html.erb (Duration: 4.2ms | GC: 0.0ms)
  Rendered data/display.html.erb within layouts/application (Duration: 7.6ms | GC: 0.0ms)
  Rendered layout layouts/application.html.erb (Duration: 22.2ms | GC: 0.7ms)
Completed 200 OK in 30ms (Views: 23.2ms | ActiveRecord: 0.3ms (2 queries, 0 cached) | GC: 0.7ms)


Started GET "/manifest.json" for ::1 at 2024-11-11 11:55:46 +0300
Processing by Rails::PwaController#manifest as JSON
  Rendering pwa/manifest.json.erb
  Rendered pwa/manifest.json.erb (Duration: 0.7ms | GC: 0.0ms)
Completed 200 OK in 2ms (Views: 1.6ms | ActiveRecord: 0.0ms (0 queries, 0 cached) | GC: 0.0ms)


Started GET "/display" for ::1 at 2024-11-11 11:56:04 +0300
Processing by DataController#display as HTML
  [1m[36mUser Load (0.3ms)[0m  [1m[34mSELECT "users".* FROM "users" WHERE "users"."id" = ? LIMIT ?[0m  [["id", 1], ["LIMIT", 1]]
  ↳ app/controllers/data_controller.rb:14:in `display'
  Rendering layout layouts/application.html.erb
  Rendering data/display.html.erb within layouts/application
  [1m[36mDivision Load (0.3ms)[0m  [1m[34mSELECT "divisions".* FROM "divisions"[0m
  ↳ app/views/partials/_table.html.erb:1
  Rendered partials/_table.html.erb (Duration: 3.0ms | GC: 0.0ms)
  Rendered data/display.html.erb within layouts/application (Duration: 4.9ms | GC: 0.0ms)
  Rendered layout layouts/application.html.erb (Duration: 2592.9ms | GC: 11.5ms)
Completed 200 OK in 7366ms (Views: 3015.9ms | ActiveRecord: 2245.7ms (2 queries, 0 cached) | GC: 11.5ms)


Started GET "/manifest.json" for ::1 at 2024-11-11 11:56:20 +0300
Processing by Rails::PwaController#manifest as JSON
  Rendering pwa/manifest.json.erb
  Rendered pwa/manifest.json.erb (Duration: 5.5ms | GC: 0.0ms)
Completed 200 OK in 340ms (Views: 338.7ms | ActiveRecord: 0.0ms (0 queries, 0 cached) | GC: 0.0ms)


Started GET "/display" for ::1 at 2024-11-11 12:39:27 +0300
Processing by DataController#display as HTML
  [1m[36mUser Load (142.3ms)[0m  [1m[34mSELECT "users".* FROM "users" WHERE "users"."id" = ? LIMIT ?[0m  [["id", 1], ["LIMIT", 1]]
  ↳ app/controllers/data_controller.rb:14:in `display'
  Rendering layout layouts/application.html.erb
  Rendering data/display.html.erb within layouts/application
  [1m[36mDivision Load (0.2ms)[0m  [1m[34mSELECT "divisions".* FROM "divisions"[0m
  ↳ app/views/partials/_table.html.erb:1
  Rendered partials/_table.html.erb (Duration: 3.3ms | GC: 0.0ms)
  Rendered data/display.html.erb within layouts/application (Duration: 32.2ms | GC: 0.0ms)
  Rendered layout layouts/application.html.erb (Duration: 260.6ms | GC: 20.9ms)
Completed 200 OK in 788ms (Views: 271.5ms | ActiveRecord: 142.2ms (2 queries, 0 cached) | GC: 20.9ms)


Started GET "/manifest.json" for ::1 at 2024-11-11 12:39:31 +0300
Processing by Rails::PwaController#manifest as JSON
  Rendering pwa/manifest.json.erb
  Rendered pwa/manifest.json.erb (Duration: 4.4ms | GC: 0.0ms)
Completed 200 OK in 16ms (Views: 14.8ms | ActiveRecord: 0.0ms (0 queries, 0 cached) | GC: 0.0ms)


Started GET "/display" for ::1 at 2024-11-11 12:39:50 +0300
  [1m[36mActiveRecord::SchemaMigration Load (1.1ms)[0m  [1m[34mSELECT "schema_migrations"."version" FROM "schema_migrations" ORDER BY "schema_migrations"."version" ASC[0m
Processing by DataController#display as HTML
  [1m[36mUser Load (0.1ms)[0m  [1m[34mSELECT "users".* FROM "users" WHERE "users"."id" = ? LIMIT ?[0m  [["id", 1], ["LIMIT", 1]]
  ↳ app/controllers/data_controller.rb:14:in `display'
  Rendering layout layouts/application.html.erb
  Rendering data/display.html.erb within layouts/application
  [1m[36mDivision Load (0.2ms)[0m  [1m[34mSELECT "divisions".* FROM "divisions"[0m
  ↳ app/views/partials/_table.html.erb:1
  Rendered partials/_table.html.erb (Duration: 1.9ms | GC: 0.0ms)
  Rendered data/display.html.erb within layouts/application (Duration: 3.7ms | GC: 0.0ms)
  Rendered layout layouts/application.html.erb (Duration: 149.9ms | GC: 0.0ms)
Completed 200 OK in 242ms (Views: 159.4ms | ActiveRecord: 2.2ms (2 queries, 0 cached) | GC: 0.0ms)


Started GET "/manifest.json" for ::1 at 2024-11-11 12:39:52 +0300
Processing by Rails::PwaController#manifest as JSON
  Rendering pwa/manifest.json.erb
  Rendered pwa/manifest.json.erb (Duration: 0.5ms | GC: 0.0ms)
Completed 200 OK in 3ms (Views: 2.6ms | ActiveRecord: 0.0ms (0 queries, 0 cached) | GC: 0.0ms)


Started GET "/display" for ::1 at 2024-11-11 12:47:54 +0300
Processing by DataController#display as HTML
  [1m[36mUser Load (4.5ms)[0m  [1m[34mSELECT "users".* FROM "users" WHERE "users"."id" = ? LIMIT ?[0m  [["id", 1], ["LIMIT", 1]]
  ↳ app/controllers/data_controller.rb:14:in `display'
  Rendering layout layouts/application.html.erb
  Rendering data/display.html.erb within layouts/application
  [1m[36mDivision Load (0.2ms)[0m  [1m[34mSELECT "divisions".* FROM "divisions"[0m
  ↳ app/views/partials/_table.html.erb:1
  Rendered partials/_table.html.erb (Duration: 1.2ms | GC: 0.0ms)
  Rendered data/display.html.erb within layouts/application (Duration: 1.5ms | GC: 0.0ms)
  Rendered layout layouts/application.html.erb (Duration: 6.7ms | GC: 0.0ms)
Completed 200 OK in 16ms (Views: 7.2ms | ActiveRecord: 4.4ms (2 queries, 0 cached) | GC: 0.0ms)


Started GET "/manifest.json" for ::1 at 2024-11-11 12:47:55 +0300
Processing by Rails::PwaController#manifest as JSON
  Rendering pwa/manifest.json.erb
  Rendered pwa/manifest.json.erb (Duration: 0.3ms | GC: 0.0ms)
Completed 200 OK in 7ms (Views: 3.4ms | ActiveRecord: 0.0ms (0 queries, 0 cached) | GC: 0.0ms)


Started GET "/display" for ::1 at 2024-11-11 12:48:01 +0300
Processing by DataController#display as HTML
  [1m[36mUser Load (0.9ms)[0m  [1m[34mSELECT "users".* FROM "users" WHERE "users"."id" = ? LIMIT ?[0m  [["id", 1], ["LIMIT", 1]]
  ↳ app/controllers/data_controller.rb:14:in `display'
  Rendering layout layouts/application.html.erb
  Rendering data/display.html.erb within layouts/application
  [1m[36mDivision Load (0.2ms)[0m  [1m[34mSELECT "divisions".* FROM "divisions"[0m
  ↳ app/views/partials/_table.html.erb:1
  Rendered partials/_table.html.erb (Duration: 18.1ms | GC: 6.4ms)
  Rendered data/display.html.erb within layouts/application (Duration: 20.7ms | GC: 6.4ms)
  Rendered layout layouts/application.html.erb (Duration: 371.6ms | GC: 6.4ms)
Completed 200 OK in 417ms (Views: 390.7ms | ActiveRecord: 1.1ms (2 queries, 0 cached) | GC: 6.4ms)


Started GET "/manifest.json" for ::1 at 2024-11-11 12:48:02 +0300
Processing by Rails::PwaController#manifest as JSON
  Rendering pwa/manifest.json.erb
  Rendered pwa/manifest.json.erb (Duration: 2.6ms | GC: 0.0ms)
Completed 200 OK in 7ms (Views: 4.3ms | ActiveRecord: 0.0ms (0 queries, 0 cached) | GC: 0.0ms)


Started GET "/display" for ::1 at 2024-11-11 12:48:03 +0300
Processing by DataController#display as HTML
  [1m[36mUser Load (0.1ms)[0m  [1m[34mSELECT "users".* FROM "users" WHERE "users"."id" = ? LIMIT ?[0m  [["id", 1], ["LIMIT", 1]]
  ↳ app/controllers/data_controller.rb:14:in `display'
  Rendering layout layouts/application.html.erb
  Rendering data/display.html.erb within layouts/application
  [1m[36mDivision Load (0.1ms)[0m  [1m[34mSELECT "divisions".* FROM "divisions"[0m
  ↳ app/views/partials/_table.html.erb:1
  Rendered partials/_table.html.erb (Duration: 2.3ms | GC: 0.0ms)
  Rendered data/display.html.erb within layouts/application (Duration: 2.8ms | GC: 0.0ms)
  Rendered layout layouts/application.html.erb (Duration: 5.9ms | GC: 0.0ms)
Completed 200 OK in 10ms (Views: 6.3ms | ActiveRecord: 0.2ms (2 queries, 0 cached) | GC: 0.0ms)


Started GET "/manifest.json" for ::1 at 2024-11-11 12:48:04 +0300
Processing by Rails::PwaController#manifest as JSON
  Rendering pwa/manifest.json.erb
  Rendered pwa/manifest.json.erb (Duration: 0.2ms | GC: 0.0ms)
Completed 200 OK in 1ms (Views: 0.6ms | ActiveRecord: 0.0ms (0 queries, 0 cached) | GC: 0.0ms)


Started GET "/display" for ::1 at 2024-11-11 12:49:27 +0300
Processing by DataController#display as HTML
  [1m[36mUser Load (0.3ms)[0m  [1m[34mSELECT "users".* FROM "users" WHERE "users"."id" = ? LIMIT ?[0m  [["id", 1], ["LIMIT", 1]]
  ↳ app/controllers/data_controller.rb:14:in `display'
  Rendering layout layouts/application.html.erb
  Rendering data/display.html.erb within layouts/application
  [1m[36mDivision Load (0.1ms)[0m  [1m[34mSELECT "divisions".* FROM "divisions"[0m
  ↳ app/views/partials/_table.html.erb:1
  Rendered partials/_table.html.erb (Duration: 2.3ms | GC: 0.0ms)
  Rendered data/display.html.erb within layouts/application (Duration: 2.8ms | GC: 0.0ms)
  Rendered layout layouts/application.html.erb (Duration: 88.5ms | GC: 0.0ms)
Completed 200 OK in 99ms (Views: 89.4ms | ActiveRecord: 0.3ms (2 queries, 0 cached) | GC: 1.8ms)


Started GET "/manifest.json" for ::1 at 2024-11-11 12:49:28 +0300
Processing by Rails::PwaController#manifest as JSON
  Rendering pwa/manifest.json.erb
  Rendered pwa/manifest.json.erb (Duration: 0.2ms | GC: 0.0ms)
Completed 200 OK in 2ms (Views: 0.8ms | ActiveRecord: 0.0ms (0 queries, 0 cached) | GC: 0.0ms)


Started GET "/display" for ::1 at 2024-11-11 12:49:33 +0300
Processing by DataController#display as HTML
  [1m[36mUser Load (1.3ms)[0m  [1m[34mSELECT "users".* FROM "users" WHERE "users"."id" = ? LIMIT ?[0m  [["id", 1], ["LIMIT", 1]]
  ↳ app/controllers/data_controller.rb:14:in `display'
  Rendering layout layouts/application.html.erb
  Rendering data/display.html.erb within layouts/application
  [1m[36mDivision Load (1.5ms)[0m  [1m[34mSELECT "divisions".* FROM "divisions"[0m
  ↳ app/views/partials/_table.html.erb:1
  Rendered partials/_table.html.erb (Duration: 11.4ms | GC: 0.0ms)
  Rendered data/display.html.erb within layouts/application (Duration: 13.3ms | GC: 0.0ms)
  Rendered layout layouts/application.html.erb (Duration: 316.9ms | GC: 0.0ms)
Completed 200 OK in 366ms (Views: 325.1ms | ActiveRecord: 3.1ms (2 queries, 0 cached) | GC: 0.0ms)


Started GET "/manifest.json" for ::1 at 2024-11-11 12:49:36 +0300
Processing by Rails::PwaController#manifest as JSON
  Rendering pwa/manifest.json.erb
  Rendered pwa/manifest.json.erb (Duration: 0.7ms | GC: 0.0ms)
Completed 200 OK in 61ms (Views: 7.8ms | ActiveRecord: 0.0ms (0 queries, 0 cached) | GC: 0.0ms)


Started GET "/display" for ::1 at 2024-11-11 12:55:17 +0300
Processing by DataController#display as HTML
  [1m[36mUser Load (3.8ms)[0m  [1m[34mSELECT "users".* FROM "users" WHERE "users"."id" = ? LIMIT ?[0m  [["id", 1], ["LIMIT", 1]]
  ↳ app/controllers/data_controller.rb:14:in `display'
  Rendering layout layouts/application.html.erb
  Rendering data/display.html.erb within layouts/application
  [1m[36mDivision Load (0.3ms)[0m  [1m[34mSELECT "divisions".* FROM "divisions"[0m
  ↳ app/views/partials/_table.html.erb:1
  Rendered partials/_table.html.erb (Duration: 2.6ms | GC: 0.0ms)
  Rendered data/display.html.erb within layouts/application (Duration: 3.2ms | GC: 0.0ms)
  Rendered layout layouts/application.html.erb (Duration: 9.0ms | GC: 0.0ms)
Completed 200 OK in 19ms (Views: 9.6ms | ActiveRecord: 4.1ms (2 queries, 0 cached) | GC: 0.0ms)


Started GET "/manifest.json" for ::1 at 2024-11-11 12:55:18 +0300
Processing by Rails::PwaController#manifest as JSON
  Rendering pwa/manifest.json.erb
  Rendered pwa/manifest.json.erb (Duration: 0.6ms | GC: 0.0ms)
Completed 200 OK in 2ms (Views: 1.2ms | ActiveRecord: 0.0ms (0 queries, 0 cached) | GC: 0.0ms)


Started GET "/display/" for ::1 at 2024-11-11 12:55:24 +0300
Processing by DataController#display as HTML
  [1m[36mUser Load (0.3ms)[0m  [1m[34mSELECT "users".* FROM "users" WHERE "users"."id" = ? LIMIT ?[0m  [["id", 1], ["LIMIT", 1]]
  ↳ app/controllers/data_controller.rb:14:in `display'
  Rendering layout layouts/application.html.erb
  Rendering data/display.html.erb within layouts/application
  [1m[36mDivision Load (0.2ms)[0m  [1m[34mSELECT "divisions".* FROM "divisions"[0m
  ↳ app/views/partials/_table.html.erb:1
  Rendered partials/_table.html.erb (Duration: 4.0ms | GC: 0.0ms)
  Rendered data/display.html.erb within layouts/application (Duration: 5.8ms | GC: 0.0ms)
  Rendered layout layouts/application.html.erb (Duration: 15.1ms | GC: 0.0ms)
Completed 200 OK in 24ms (Views: 16.0ms | ActiveRecord: 0.5ms (2 queries, 0 cached) | GC: 0.0ms)


Started GET "/manifest.json" for ::1 at 2024-11-11 12:55:25 +0300
Processing by Rails::PwaController#manifest as JSON
  Rendering pwa/manifest.json.erb
  Rendered pwa/manifest.json.erb (Duration: 0.2ms | GC: 0.0ms)
Completed 200 OK in 2ms (Views: 0.8ms | ActiveRecord: 0.0ms (0 queries, 0 cached) | GC: 0.0ms)


Started GET "/display" for ::1 at 2024-11-11 12:55:28 +0300
Processing by DataController#display as HTML
  [1m[36mUser Load (0.1ms)[0m  [1m[34mSELECT "users".* FROM "users" WHERE "users"."id" = ? LIMIT ?[0m  [["id", 1], ["LIMIT", 1]]
  ↳ app/controllers/data_controller.rb:14:in `display'
  Rendering layout layouts/application.html.erb
  Rendering data/display.html.erb within layouts/application
  [1m[36mDivision Load (0.1ms)[0m  [1m[34mSELECT "divisions".* FROM "divisions"[0m
  ↳ app/views/partials/_table.html.erb:1
  Rendered partials/_table.html.erb (Duration: 1.8ms | GC: 0.0ms)
  Rendered data/display.html.erb within layouts/application (Duration: 2.3ms | GC: 0.0ms)
  Rendered layout layouts/application.html.erb (Duration: 13.5ms | GC: 3.5ms)
Completed 200 OK in 19ms (Views: 14.0ms | ActiveRecord: 0.2ms (2 queries, 0 cached) | GC: 3.5ms)


Started GET "/manifest.json" for ::1 at 2024-11-11 12:55:30 +0300
Processing by Rails::PwaController#manifest as JSON
  Rendering pwa/manifest.json.erb
  Rendered pwa/manifest.json.erb (Duration: 0.4ms | GC: 0.0ms)
Completed 200 OK in 2ms (Views: 1.1ms | ActiveRecord: 0.0ms (0 queries, 0 cached) | GC: 0.0ms)


